2025-03-26 18:24:21,883 : INFO : test_SearchUser_004 : 'test_SearchUser_004' is started
2025-03-26 18:24:21,883 : INFO : test_SearchUser_004 : 'test_SearchUser_004' is started
2025-03-26 18:24:21,883 : INFO : test_SearchUser_004 : 'test_SearchUser_004' is started
2025-03-26 18:24:21,883 : INFO : test_SearchUser_004 : 'test_SearchUser_004' is started
2025-03-26 18:24:21,883 : INFO : test_SearchUser_004 : Opening browser
2025-03-26 18:24:21,883 : INFO : test_SearchUser_004 : Opening browser
2025-03-26 18:24:21,883 : INFO : test_SearchUser_004 : Opening browser
2025-03-26 18:24:21,883 : INFO : test_SearchUser_004 : Opening browser
2025-03-26 18:24:21,883 : INFO : test_SearchUser_004 : Maximizing window
2025-03-26 18:24:21,883 : INFO : test_SearchUser_004 : Maximizing window
2025-03-26 18:24:21,883 : INFO : test_SearchUser_004 : Maximizing window
2025-03-26 18:24:21,883 : INFO : test_SearchUser_004 : Maximizing window
2025-03-26 18:24:21,884 : INFO : test_SearchUser_004 : Launching URL
2025-03-26 18:24:21,884 : INFO : test_SearchUser_004 : Launching URL
2025-03-26 18:24:21,884 : INFO : test_SearchUser_004 : Launching URL
2025-03-26 18:24:21,884 : INFO : test_SearchUser_004 : Launching URL
2025-03-26 18:24:22,752 : INFO : test_SearchUser_004 : Click on login link
2025-03-26 18:24:22,752 : INFO : test_SearchUser_004 : Click on login link
2025-03-26 18:24:22,752 : INFO : test_SearchUser_004 : Click on login link
2025-03-26 18:24:22,752 : INFO : test_SearchUser_004 : Click on login link
2025-03-26 18:24:22,851 : INFO : test_SearchUser_004 : Enter Username: YashTech
2025-03-26 18:24:22,851 : INFO : test_SearchUser_004 : Enter Username: YashTech
2025-03-26 18:24:22,851 : INFO : test_SearchUser_004 : Enter Username: YashTech
2025-03-26 18:24:22,851 : INFO : test_SearchUser_004 : Enter Username: YashTech
2025-03-26 18:24:22,923 : INFO : test_SearchUser_004 : Enter Password: YashTech@101
2025-03-26 18:24:22,923 : INFO : test_SearchUser_004 : Enter Password: YashTech@101
2025-03-26 18:24:22,923 : INFO : test_SearchUser_004 : Enter Password: YashTech@101
2025-03-26 18:24:22,923 : INFO : test_SearchUser_004 : Enter Password: YashTech@101
2025-03-26 18:24:22,999 : INFO : test_SearchUser_004 : Click on login button
2025-03-26 18:24:22,999 : INFO : test_SearchUser_004 : Click on login button
2025-03-26 18:24:22,999 : INFO : test_SearchUser_004 : Click on login button
2025-03-26 18:24:22,999 : INFO : test_SearchUser_004 : Click on login button
2025-03-26 18:24:22,999 : INFO : test_SearchUser_004 : Validating User landed on correct page or not
2025-03-26 18:24:22,999 : INFO : test_SearchUser_004 : Validating User landed on correct page or not
2025-03-26 18:24:22,999 : INFO : test_SearchUser_004 : Validating User landed on correct page or not
2025-03-26 18:24:22,999 : INFO : test_SearchUser_004 : Validating User landed on correct page or not
2025-03-26 18:24:26,248 : INFO : test_SearchUser_004 : User landed on correct page
2025-03-26 18:24:26,248 : INFO : test_SearchUser_004 : User landed on correct page
2025-03-26 18:24:26,248 : INFO : test_SearchUser_004 : User landed on correct page
2025-03-26 18:24:26,248 : INFO : test_SearchUser_004 : User landed on correct page
2025-03-26 18:24:26,737 : INFO : test_SearchUser_004 : Click on User Management link
2025-03-26 18:24:26,737 : INFO : test_SearchUser_004 : Click on User Management link
2025-03-26 18:24:26,737 : INFO : test_SearchUser_004 : Click on User Management link
2025-03-26 18:24:26,737 : INFO : test_SearchUser_004 : Click on User Management link
2025-03-26 18:24:26,795 : INFO : test_SearchUser_004 : Enter Username: Yashp
2025-03-26 18:24:26,795 : INFO : test_SearchUser_004 : Enter Username: Yashp
2025-03-26 18:24:26,795 : INFO : test_SearchUser_004 : Enter Username: Yashp
2025-03-26 18:24:26,795 : INFO : test_SearchUser_004 : Enter Username: Yashp
2025-03-26 18:24:26,863 : INFO : test_SearchUser_004 : Click on Search User button
2025-03-26 18:24:26,863 : INFO : test_SearchUser_004 : Click on Search User button
2025-03-26 18:24:26,863 : INFO : test_SearchUser_004 : Click on Search User button
2025-03-26 18:24:26,863 : INFO : test_SearchUser_004 : Click on Search User button
2025-03-26 18:24:26,863 : INFO : test_SearchUser_004 : Validate user found or not
2025-03-26 18:24:26,863 : INFO : test_SearchUser_004 : Validate user found or not
2025-03-26 18:24:26,863 : INFO : test_SearchUser_004 : Validate user found or not
2025-03-26 18:24:26,863 : INFO : test_SearchUser_004 : Validate user found or not
2025-03-26 18:24:27,422 : INFO : test_SearchUser_004 : user found
2025-03-26 18:24:27,422 : INFO : test_SearchUser_004 : user found
2025-03-26 18:24:27,422 : INFO : test_SearchUser_004 : user found
2025-03-26 18:24:27,422 : INFO : test_SearchUser_004 : user found
2025-03-26 18:24:27,422 : INFO : test_SearchUser_004 : Capturing Screenshot
2025-03-26 18:24:27,422 : INFO : test_SearchUser_004 : Capturing Screenshot
2025-03-26 18:24:27,422 : INFO : test_SearchUser_004 : Capturing Screenshot
2025-03-26 18:24:27,422 : INFO : test_SearchUser_004 : Capturing Screenshot
2025-03-26 18:24:27,994 : INFO : test_SearchUser_004 : 'test_SearchUser_004' is passed
2025-03-26 18:24:27,994 : INFO : test_SearchUser_004 : 'test_SearchUser_004' is passed
2025-03-26 18:24:27,994 : INFO : test_SearchUser_004 : 'test_SearchUser_004' is passed
2025-03-26 18:24:27,994 : INFO : test_SearchUser_004 : 'test_SearchUser_004' is passed
2025-03-26 18:24:27,994 : INFO : test_SearchUser_004 : 'test_SearchUser_004' is completed

2025-03-26 18:24:27,994 : INFO : test_SearchUser_004 : 'test_SearchUser_004' is completed

2025-03-26 18:24:27,994 : INFO : test_SearchUser_004 : 'test_SearchUser_004' is completed

2025-03-26 18:24:27,994 : INFO : test_SearchUser_004 : 'test_SearchUser_004' is completed

2025-03-26 18:24:35,151 : INFO : test_SearchUser_Param_005 : 'test_SearchUser_Param_005' is started
2025-03-26 18:24:35,151 : INFO : test_SearchUser_Param_005 : 'test_SearchUser_Param_005' is started
2025-03-26 18:24:35,151 : INFO : test_SearchUser_Param_005 : 'test_SearchUser_Param_005' is started
2025-03-26 18:24:35,151 : INFO : test_SearchUser_Param_005 : 'test_SearchUser_Param_005' is started
2025-03-26 18:24:35,151 : INFO : test_SearchUser_Param_005 : Opening browser
2025-03-26 18:24:35,151 : INFO : test_SearchUser_Param_005 : Opening browser
2025-03-26 18:24:35,151 : INFO : test_SearchUser_Param_005 : Opening browser
2025-03-26 18:24:35,151 : INFO : test_SearchUser_Param_005 : Opening browser
2025-03-26 18:24:35,160 : INFO : test_SearchUser_Param_005 : Maximizing window
2025-03-26 18:24:35,160 : INFO : test_SearchUser_Param_005 : Maximizing window
2025-03-26 18:24:35,160 : INFO : test_SearchUser_Param_005 : Maximizing window
2025-03-26 18:24:35,160 : INFO : test_SearchUser_Param_005 : Maximizing window
2025-03-26 18:24:35,161 : INFO : test_SearchUser_Param_005 : Launching URL
2025-03-26 18:24:35,161 : INFO : test_SearchUser_Param_005 : Launching URL
2025-03-26 18:24:35,161 : INFO : test_SearchUser_Param_005 : Launching URL
2025-03-26 18:24:35,161 : INFO : test_SearchUser_Param_005 : Launching URL
2025-03-26 18:24:36,011 : INFO : test_SearchUser_Param_005 : Click on login link
2025-03-26 18:24:36,011 : INFO : test_SearchUser_Param_005 : Click on login link
2025-03-26 18:24:36,011 : INFO : test_SearchUser_Param_005 : Click on login link
2025-03-26 18:24:36,011 : INFO : test_SearchUser_Param_005 : Click on login link
2025-03-26 18:24:36,101 : INFO : test_SearchUser_Param_005 : Enter Username: YashTech
2025-03-26 18:24:36,101 : INFO : test_SearchUser_Param_005 : Enter Username: YashTech
2025-03-26 18:24:36,101 : INFO : test_SearchUser_Param_005 : Enter Username: YashTech
2025-03-26 18:24:36,101 : INFO : test_SearchUser_Param_005 : Enter Username: YashTech
2025-03-26 18:24:36,155 : INFO : test_SearchUser_Param_005 : Enter Password: YashTech@101
2025-03-26 18:24:36,155 : INFO : test_SearchUser_Param_005 : Enter Password: YashTech@101
2025-03-26 18:24:36,155 : INFO : test_SearchUser_Param_005 : Enter Password: YashTech@101
2025-03-26 18:24:36,155 : INFO : test_SearchUser_Param_005 : Enter Password: YashTech@101
2025-03-26 18:24:37,683 : INFO : test_SearchUser_Param_005 : Click on login button
2025-03-26 18:24:37,683 : INFO : test_SearchUser_Param_005 : Click on login button
2025-03-26 18:24:37,683 : INFO : test_SearchUser_Param_005 : Click on login button
2025-03-26 18:24:37,683 : INFO : test_SearchUser_Param_005 : Click on login button
2025-03-26 18:24:37,683 : INFO : test_SearchUser_Param_005 : Validating User landed on correct page or not
2025-03-26 18:24:37,683 : INFO : test_SearchUser_Param_005 : Validating User landed on correct page or not
2025-03-26 18:24:37,683 : INFO : test_SearchUser_Param_005 : Validating User landed on correct page or not
2025-03-26 18:24:37,683 : INFO : test_SearchUser_Param_005 : Validating User landed on correct page or not
2025-03-26 18:24:37,715 : INFO : test_SearchUser_Param_005 : User landed on correct page
2025-03-26 18:24:37,715 : INFO : test_SearchUser_Param_005 : User landed on correct page
2025-03-26 18:24:37,715 : INFO : test_SearchUser_Param_005 : User landed on correct page
2025-03-26 18:24:37,715 : INFO : test_SearchUser_Param_005 : User landed on correct page
2025-03-26 18:24:38,193 : INFO : test_SearchUser_Param_005 : Click on User Management link
2025-03-26 18:24:38,193 : INFO : test_SearchUser_Param_005 : Click on User Management link
2025-03-26 18:24:38,193 : INFO : test_SearchUser_Param_005 : Click on User Management link
2025-03-26 18:24:38,193 : INFO : test_SearchUser_Param_005 : Click on User Management link
2025-03-26 18:24:38,251 : INFO : test_SearchUser_Param_005 : Enter Username: Admin
2025-03-26 18:24:38,251 : INFO : test_SearchUser_Param_005 : Enter Username: Admin
2025-03-26 18:24:38,251 : INFO : test_SearchUser_Param_005 : Enter Username: Admin
2025-03-26 18:24:38,251 : INFO : test_SearchUser_Param_005 : Enter Username: Admin
2025-03-26 18:24:38,745 : INFO : test_SearchUser_Param_005 : Click on Search User button
2025-03-26 18:24:38,745 : INFO : test_SearchUser_Param_005 : Click on Search User button
2025-03-26 18:24:38,745 : INFO : test_SearchUser_Param_005 : Click on Search User button
2025-03-26 18:24:38,745 : INFO : test_SearchUser_Param_005 : Click on Search User button
2025-03-26 18:24:38,746 : INFO : test_SearchUser_Param_005 : Validate user found or not
2025-03-26 18:24:38,746 : INFO : test_SearchUser_Param_005 : Validate user found or not
2025-03-26 18:24:38,746 : INFO : test_SearchUser_Param_005 : Validate user found or not
2025-03-26 18:24:38,746 : INFO : test_SearchUser_Param_005 : Validate user found or not
2025-03-26 18:24:38,815 : INFO : test_SearchUser_Param_005 : user found
2025-03-26 18:24:38,815 : INFO : test_SearchUser_Param_005 : user found
2025-03-26 18:24:38,815 : INFO : test_SearchUser_Param_005 : user found
2025-03-26 18:24:38,815 : INFO : test_SearchUser_Param_005 : user found
2025-03-26 18:24:38,815 : INFO : test_SearchUser_Param_005 : Capturing Screenshot
2025-03-26 18:24:38,815 : INFO : test_SearchUser_Param_005 : Capturing Screenshot
2025-03-26 18:24:38,815 : INFO : test_SearchUser_Param_005 : Capturing Screenshot
2025-03-26 18:24:38,815 : INFO : test_SearchUser_Param_005 : Capturing Screenshot
2025-03-26 18:24:39,158 : INFO : test_SearchUser_Param_005 : 'test_SearchUser_Param_005' is passed
2025-03-26 18:24:39,158 : INFO : test_SearchUser_Param_005 : 'test_SearchUser_Param_005' is passed
2025-03-26 18:24:39,158 : INFO : test_SearchUser_Param_005 : 'test_SearchUser_Param_005' is passed
2025-03-26 18:24:39,158 : INFO : test_SearchUser_Param_005 : 'test_SearchUser_Param_005' is passed
2025-03-26 18:24:39,158 : INFO : test_SearchUser_Param_005 : 'test_SearchUser_Param_005' is completed

2025-03-26 18:24:39,158 : INFO : test_SearchUser_Param_005 : 'test_SearchUser_Param_005' is completed

2025-03-26 18:24:39,158 : INFO : test_SearchUser_Param_005 : 'test_SearchUser_Param_005' is completed

2025-03-26 18:24:39,158 : INFO : test_SearchUser_Param_005 : 'test_SearchUser_Param_005' is completed

2025-03-26 18:24:45,417 : INFO : test_SearchUser_Param_005 : 'test_SearchUser_Param_005' is started
2025-03-26 18:24:45,417 : INFO : test_SearchUser_Param_005 : 'test_SearchUser_Param_005' is started
2025-03-26 18:24:45,417 : INFO : test_SearchUser_Param_005 : 'test_SearchUser_Param_005' is started
2025-03-26 18:24:45,417 : INFO : test_SearchUser_Param_005 : 'test_SearchUser_Param_005' is started
2025-03-26 18:24:45,418 : INFO : test_SearchUser_Param_005 : Opening browser
2025-03-26 18:24:45,418 : INFO : test_SearchUser_Param_005 : Opening browser
2025-03-26 18:24:45,418 : INFO : test_SearchUser_Param_005 : Opening browser
2025-03-26 18:24:45,418 : INFO : test_SearchUser_Param_005 : Opening browser
2025-03-26 18:24:45,418 : INFO : test_SearchUser_Param_005 : Maximizing window
2025-03-26 18:24:45,418 : INFO : test_SearchUser_Param_005 : Maximizing window
2025-03-26 18:24:45,418 : INFO : test_SearchUser_Param_005 : Maximizing window
2025-03-26 18:24:45,418 : INFO : test_SearchUser_Param_005 : Maximizing window
2025-03-26 18:24:45,418 : INFO : test_SearchUser_Param_005 : Launching URL
2025-03-26 18:24:45,418 : INFO : test_SearchUser_Param_005 : Launching URL
2025-03-26 18:24:45,418 : INFO : test_SearchUser_Param_005 : Launching URL
2025-03-26 18:24:45,418 : INFO : test_SearchUser_Param_005 : Launching URL
2025-03-26 18:24:46,261 : INFO : test_SearchUser_Param_005 : Click on login link
2025-03-26 18:24:46,261 : INFO : test_SearchUser_Param_005 : Click on login link
2025-03-26 18:24:46,261 : INFO : test_SearchUser_Param_005 : Click on login link
2025-03-26 18:24:46,261 : INFO : test_SearchUser_Param_005 : Click on login link
2025-03-26 18:24:46,336 : INFO : test_SearchUser_Param_005 : Enter Username: YashTech
2025-03-26 18:24:46,336 : INFO : test_SearchUser_Param_005 : Enter Username: YashTech
2025-03-26 18:24:46,336 : INFO : test_SearchUser_Param_005 : Enter Username: YashTech
2025-03-26 18:24:46,336 : INFO : test_SearchUser_Param_005 : Enter Username: YashTech
2025-03-26 18:24:46,398 : INFO : test_SearchUser_Param_005 : Enter Password: YashTech@101
2025-03-26 18:24:46,398 : INFO : test_SearchUser_Param_005 : Enter Password: YashTech@101
2025-03-26 18:24:46,398 : INFO : test_SearchUser_Param_005 : Enter Password: YashTech@101
2025-03-26 18:24:46,398 : INFO : test_SearchUser_Param_005 : Enter Password: YashTech@101
2025-03-26 18:24:47,687 : INFO : test_SearchUser_Param_005 : Click on login button
2025-03-26 18:24:47,687 : INFO : test_SearchUser_Param_005 : Click on login button
2025-03-26 18:24:47,687 : INFO : test_SearchUser_Param_005 : Click on login button
2025-03-26 18:24:47,687 : INFO : test_SearchUser_Param_005 : Click on login button
2025-03-26 18:24:47,689 : INFO : test_SearchUser_Param_005 : Validating User landed on correct page or not
2025-03-26 18:24:47,689 : INFO : test_SearchUser_Param_005 : Validating User landed on correct page or not
2025-03-26 18:24:47,689 : INFO : test_SearchUser_Param_005 : Validating User landed on correct page or not
2025-03-26 18:24:47,689 : INFO : test_SearchUser_Param_005 : Validating User landed on correct page or not
2025-03-26 18:24:47,723 : INFO : test_SearchUser_Param_005 : User landed on correct page
2025-03-26 18:24:47,723 : INFO : test_SearchUser_Param_005 : User landed on correct page
2025-03-26 18:24:47,723 : INFO : test_SearchUser_Param_005 : User landed on correct page
2025-03-26 18:24:47,723 : INFO : test_SearchUser_Param_005 : User landed on correct page
2025-03-26 18:24:48,218 : INFO : test_SearchUser_Param_005 : Click on User Management link
2025-03-26 18:24:48,218 : INFO : test_SearchUser_Param_005 : Click on User Management link
2025-03-26 18:24:48,218 : INFO : test_SearchUser_Param_005 : Click on User Management link
2025-03-26 18:24:48,218 : INFO : test_SearchUser_Param_005 : Click on User Management link
2025-03-26 18:24:48,269 : INFO : test_SearchUser_Param_005 : Enter Username: Yashp
2025-03-26 18:24:48,269 : INFO : test_SearchUser_Param_005 : Enter Username: Yashp
2025-03-26 18:24:48,269 : INFO : test_SearchUser_Param_005 : Enter Username: Yashp
2025-03-26 18:24:48,269 : INFO : test_SearchUser_Param_005 : Enter Username: Yashp
2025-03-26 18:24:48,316 : INFO : test_SearchUser_Param_005 : Click on Search User button
2025-03-26 18:24:48,316 : INFO : test_SearchUser_Param_005 : Click on Search User button
2025-03-26 18:24:48,316 : INFO : test_SearchUser_Param_005 : Click on Search User button
2025-03-26 18:24:48,316 : INFO : test_SearchUser_Param_005 : Click on Search User button
2025-03-26 18:24:48,316 : INFO : test_SearchUser_Param_005 : Validate user found or not
2025-03-26 18:24:48,316 : INFO : test_SearchUser_Param_005 : Validate user found or not
2025-03-26 18:24:48,316 : INFO : test_SearchUser_Param_005 : Validate user found or not
2025-03-26 18:24:48,316 : INFO : test_SearchUser_Param_005 : Validate user found or not
2025-03-26 18:24:48,786 : INFO : test_SearchUser_Param_005 : user found
2025-03-26 18:24:48,786 : INFO : test_SearchUser_Param_005 : user found
2025-03-26 18:24:48,786 : INFO : test_SearchUser_Param_005 : user found
2025-03-26 18:24:48,786 : INFO : test_SearchUser_Param_005 : user found
2025-03-26 18:24:48,786 : INFO : test_SearchUser_Param_005 : Capturing Screenshot
2025-03-26 18:24:48,786 : INFO : test_SearchUser_Param_005 : Capturing Screenshot
2025-03-26 18:24:48,786 : INFO : test_SearchUser_Param_005 : Capturing Screenshot
2025-03-26 18:24:48,786 : INFO : test_SearchUser_Param_005 : Capturing Screenshot
2025-03-26 18:24:49,131 : INFO : test_SearchUser_Param_005 : 'test_SearchUser_Param_005' is passed
2025-03-26 18:24:49,131 : INFO : test_SearchUser_Param_005 : 'test_SearchUser_Param_005' is passed
2025-03-26 18:24:49,131 : INFO : test_SearchUser_Param_005 : 'test_SearchUser_Param_005' is passed
2025-03-26 18:24:49,131 : INFO : test_SearchUser_Param_005 : 'test_SearchUser_Param_005' is passed
2025-03-26 18:24:49,131 : INFO : test_SearchUser_Param_005 : 'test_SearchUser_Param_005' is completed

2025-03-26 18:24:49,131 : INFO : test_SearchUser_Param_005 : 'test_SearchUser_Param_005' is completed

2025-03-26 18:24:49,131 : INFO : test_SearchUser_Param_005 : 'test_SearchUser_Param_005' is completed

2025-03-26 18:24:49,131 : INFO : test_SearchUser_Param_005 : 'test_SearchUser_Param_005' is completed

2025-03-26 18:24:55,342 : INFO : test_SearchUser_Param_005 : 'test_SearchUser_Param_005' is started
2025-03-26 18:24:55,342 : INFO : test_SearchUser_Param_005 : 'test_SearchUser_Param_005' is started
2025-03-26 18:24:55,342 : INFO : test_SearchUser_Param_005 : 'test_SearchUser_Param_005' is started
2025-03-26 18:24:55,342 : INFO : test_SearchUser_Param_005 : 'test_SearchUser_Param_005' is started
2025-03-26 18:24:55,343 : INFO : test_SearchUser_Param_005 : Opening browser
2025-03-26 18:24:55,343 : INFO : test_SearchUser_Param_005 : Opening browser
2025-03-26 18:24:55,343 : INFO : test_SearchUser_Param_005 : Opening browser
2025-03-26 18:24:55,343 : INFO : test_SearchUser_Param_005 : Opening browser
2025-03-26 18:24:55,343 : INFO : test_SearchUser_Param_005 : Maximizing window
2025-03-26 18:24:55,343 : INFO : test_SearchUser_Param_005 : Maximizing window
2025-03-26 18:24:55,343 : INFO : test_SearchUser_Param_005 : Maximizing window
2025-03-26 18:24:55,343 : INFO : test_SearchUser_Param_005 : Maximizing window
2025-03-26 18:24:55,343 : INFO : test_SearchUser_Param_005 : Launching URL
2025-03-26 18:24:55,343 : INFO : test_SearchUser_Param_005 : Launching URL
2025-03-26 18:24:55,343 : INFO : test_SearchUser_Param_005 : Launching URL
2025-03-26 18:24:55,343 : INFO : test_SearchUser_Param_005 : Launching URL
2025-03-26 18:24:56,155 : INFO : test_SearchUser_Param_005 : Click on login link
2025-03-26 18:24:56,155 : INFO : test_SearchUser_Param_005 : Click on login link
2025-03-26 18:24:56,155 : INFO : test_SearchUser_Param_005 : Click on login link
2025-03-26 18:24:56,155 : INFO : test_SearchUser_Param_005 : Click on login link
2025-03-26 18:24:56,234 : INFO : test_SearchUser_Param_005 : Enter Username: YashTech
2025-03-26 18:24:56,234 : INFO : test_SearchUser_Param_005 : Enter Username: YashTech
2025-03-26 18:24:56,234 : INFO : test_SearchUser_Param_005 : Enter Username: YashTech
2025-03-26 18:24:56,234 : INFO : test_SearchUser_Param_005 : Enter Username: YashTech
2025-03-26 18:24:56,286 : INFO : test_SearchUser_Param_005 : Enter Password: YashTech@101
2025-03-26 18:24:56,286 : INFO : test_SearchUser_Param_005 : Enter Password: YashTech@101
2025-03-26 18:24:56,286 : INFO : test_SearchUser_Param_005 : Enter Password: YashTech@101
2025-03-26 18:24:56,286 : INFO : test_SearchUser_Param_005 : Enter Password: YashTech@101
2025-03-26 18:24:57,585 : INFO : test_SearchUser_Param_005 : Click on login button
2025-03-26 18:24:57,585 : INFO : test_SearchUser_Param_005 : Click on login button
2025-03-26 18:24:57,585 : INFO : test_SearchUser_Param_005 : Click on login button
2025-03-26 18:24:57,585 : INFO : test_SearchUser_Param_005 : Click on login button
2025-03-26 18:24:57,585 : INFO : test_SearchUser_Param_005 : Validating User landed on correct page or not
2025-03-26 18:24:57,585 : INFO : test_SearchUser_Param_005 : Validating User landed on correct page or not
2025-03-26 18:24:57,585 : INFO : test_SearchUser_Param_005 : Validating User landed on correct page or not
2025-03-26 18:24:57,585 : INFO : test_SearchUser_Param_005 : Validating User landed on correct page or not
2025-03-26 18:24:57,636 : INFO : test_SearchUser_Param_005 : User landed on correct page
2025-03-26 18:24:57,636 : INFO : test_SearchUser_Param_005 : User landed on correct page
2025-03-26 18:24:57,636 : INFO : test_SearchUser_Param_005 : User landed on correct page
2025-03-26 18:24:57,636 : INFO : test_SearchUser_Param_005 : User landed on correct page
2025-03-26 18:24:58,141 : INFO : test_SearchUser_Param_005 : Click on User Management link
2025-03-26 18:24:58,141 : INFO : test_SearchUser_Param_005 : Click on User Management link
2025-03-26 18:24:58,141 : INFO : test_SearchUser_Param_005 : Click on User Management link
2025-03-26 18:24:58,141 : INFO : test_SearchUser_Param_005 : Click on User Management link
2025-03-26 18:24:58,225 : INFO : test_SearchUser_Param_005 : Enter Username: Tushar
2025-03-26 18:24:58,225 : INFO : test_SearchUser_Param_005 : Enter Username: Tushar
2025-03-26 18:24:58,225 : INFO : test_SearchUser_Param_005 : Enter Username: Tushar
2025-03-26 18:24:58,225 : INFO : test_SearchUser_Param_005 : Enter Username: Tushar
2025-03-26 18:24:58,719 : INFO : test_SearchUser_Param_005 : Click on Search User button
2025-03-26 18:24:58,719 : INFO : test_SearchUser_Param_005 : Click on Search User button
2025-03-26 18:24:58,719 : INFO : test_SearchUser_Param_005 : Click on Search User button
2025-03-26 18:24:58,719 : INFO : test_SearchUser_Param_005 : Click on Search User button
2025-03-26 18:24:58,719 : INFO : test_SearchUser_Param_005 : Validate user found or not
2025-03-26 18:24:58,719 : INFO : test_SearchUser_Param_005 : Validate user found or not
2025-03-26 18:24:58,719 : INFO : test_SearchUser_Param_005 : Validate user found or not
2025-03-26 18:24:58,719 : INFO : test_SearchUser_Param_005 : Validate user found or not
2025-03-26 18:24:58,790 : INFO : test_SearchUser_Param_005 : user found
2025-03-26 18:24:58,790 : INFO : test_SearchUser_Param_005 : user found
2025-03-26 18:24:58,790 : INFO : test_SearchUser_Param_005 : user found
2025-03-26 18:24:58,790 : INFO : test_SearchUser_Param_005 : user found
2025-03-26 18:24:58,791 : INFO : test_SearchUser_Param_005 : Capturing Screenshot
2025-03-26 18:24:58,791 : INFO : test_SearchUser_Param_005 : Capturing Screenshot
2025-03-26 18:24:58,791 : INFO : test_SearchUser_Param_005 : Capturing Screenshot
2025-03-26 18:24:58,791 : INFO : test_SearchUser_Param_005 : Capturing Screenshot
2025-03-26 18:24:59,136 : INFO : test_SearchUser_Param_005 : 'test_SearchUser_Param_005' is passed
2025-03-26 18:24:59,136 : INFO : test_SearchUser_Param_005 : 'test_SearchUser_Param_005' is passed
2025-03-26 18:24:59,136 : INFO : test_SearchUser_Param_005 : 'test_SearchUser_Param_005' is passed
2025-03-26 18:24:59,136 : INFO : test_SearchUser_Param_005 : 'test_SearchUser_Param_005' is passed
2025-03-26 18:24:59,136 : INFO : test_SearchUser_Param_005 : 'test_SearchUser_Param_005' is completed

2025-03-26 18:24:59,136 : INFO : test_SearchUser_Param_005 : 'test_SearchUser_Param_005' is completed

2025-03-26 18:24:59,136 : INFO : test_SearchUser_Param_005 : 'test_SearchUser_Param_005' is completed

2025-03-26 18:24:59,136 : INFO : test_SearchUser_Param_005 : 'test_SearchUser_Param_005' is completed

2025-03-26 18:25:05,133 : INFO : test_SearchUser_Param_005 : 'test_SearchUser_Param_005' is started
2025-03-26 18:25:05,133 : INFO : test_SearchUser_Param_005 : 'test_SearchUser_Param_005' is started
2025-03-26 18:25:05,133 : INFO : test_SearchUser_Param_005 : 'test_SearchUser_Param_005' is started
2025-03-26 18:25:05,133 : INFO : test_SearchUser_Param_005 : 'test_SearchUser_Param_005' is started
2025-03-26 18:25:05,135 : INFO : test_SearchUser_Param_005 : Opening browser
2025-03-26 18:25:05,135 : INFO : test_SearchUser_Param_005 : Opening browser
2025-03-26 18:25:05,135 : INFO : test_SearchUser_Param_005 : Opening browser
2025-03-26 18:25:05,135 : INFO : test_SearchUser_Param_005 : Opening browser
2025-03-26 18:25:05,135 : INFO : test_SearchUser_Param_005 : Maximizing window
2025-03-26 18:25:05,135 : INFO : test_SearchUser_Param_005 : Maximizing window
2025-03-26 18:25:05,135 : INFO : test_SearchUser_Param_005 : Maximizing window
2025-03-26 18:25:05,135 : INFO : test_SearchUser_Param_005 : Maximizing window
2025-03-26 18:25:05,135 : INFO : test_SearchUser_Param_005 : Launching URL
2025-03-26 18:25:05,135 : INFO : test_SearchUser_Param_005 : Launching URL
2025-03-26 18:25:05,135 : INFO : test_SearchUser_Param_005 : Launching URL
2025-03-26 18:25:05,135 : INFO : test_SearchUser_Param_005 : Launching URL
2025-03-26 18:25:05,979 : INFO : test_SearchUser_Param_005 : Click on login link
2025-03-26 18:25:05,979 : INFO : test_SearchUser_Param_005 : Click on login link
2025-03-26 18:25:05,979 : INFO : test_SearchUser_Param_005 : Click on login link
2025-03-26 18:25:05,979 : INFO : test_SearchUser_Param_005 : Click on login link
2025-03-26 18:25:06,064 : INFO : test_SearchUser_Param_005 : Enter Username: YashTech
2025-03-26 18:25:06,064 : INFO : test_SearchUser_Param_005 : Enter Username: YashTech
2025-03-26 18:25:06,064 : INFO : test_SearchUser_Param_005 : Enter Username: YashTech
2025-03-26 18:25:06,064 : INFO : test_SearchUser_Param_005 : Enter Username: YashTech
2025-03-26 18:25:06,118 : INFO : test_SearchUser_Param_005 : Enter Password: YashTech@101
2025-03-26 18:25:06,118 : INFO : test_SearchUser_Param_005 : Enter Password: YashTech@101
2025-03-26 18:25:06,118 : INFO : test_SearchUser_Param_005 : Enter Password: YashTech@101
2025-03-26 18:25:06,118 : INFO : test_SearchUser_Param_005 : Enter Password: YashTech@101
2025-03-26 18:25:07,601 : INFO : test_SearchUser_Param_005 : Click on login button
2025-03-26 18:25:07,601 : INFO : test_SearchUser_Param_005 : Click on login button
2025-03-26 18:25:07,601 : INFO : test_SearchUser_Param_005 : Click on login button
2025-03-26 18:25:07,601 : INFO : test_SearchUser_Param_005 : Click on login button
2025-03-26 18:25:07,601 : INFO : test_SearchUser_Param_005 : Validating User landed on correct page or not
2025-03-26 18:25:07,601 : INFO : test_SearchUser_Param_005 : Validating User landed on correct page or not
2025-03-26 18:25:07,601 : INFO : test_SearchUser_Param_005 : Validating User landed on correct page or not
2025-03-26 18:25:07,601 : INFO : test_SearchUser_Param_005 : Validating User landed on correct page or not
2025-03-26 18:25:07,630 : INFO : test_SearchUser_Param_005 : User landed on correct page
2025-03-26 18:25:07,630 : INFO : test_SearchUser_Param_005 : User landed on correct page
2025-03-26 18:25:07,630 : INFO : test_SearchUser_Param_005 : User landed on correct page
2025-03-26 18:25:07,630 : INFO : test_SearchUser_Param_005 : User landed on correct page
2025-03-26 18:25:08,111 : INFO : test_SearchUser_Param_005 : Click on User Management link
2025-03-26 18:25:08,111 : INFO : test_SearchUser_Param_005 : Click on User Management link
2025-03-26 18:25:08,111 : INFO : test_SearchUser_Param_005 : Click on User Management link
2025-03-26 18:25:08,111 : INFO : test_SearchUser_Param_005 : Click on User Management link
2025-03-26 18:25:08,165 : INFO : test_SearchUser_Param_005 : Enter Username: YashPote
2025-03-26 18:25:08,165 : INFO : test_SearchUser_Param_005 : Enter Username: YashPote
2025-03-26 18:25:08,165 : INFO : test_SearchUser_Param_005 : Enter Username: YashPote
2025-03-26 18:25:08,165 : INFO : test_SearchUser_Param_005 : Enter Username: YashPote
2025-03-26 18:25:08,625 : INFO : test_SearchUser_Param_005 : Click on Search User button
2025-03-26 18:25:08,625 : INFO : test_SearchUser_Param_005 : Click on Search User button
2025-03-26 18:25:08,625 : INFO : test_SearchUser_Param_005 : Click on Search User button
2025-03-26 18:25:08,625 : INFO : test_SearchUser_Param_005 : Click on Search User button
2025-03-26 18:25:08,625 : INFO : test_SearchUser_Param_005 : Validate user found or not
2025-03-26 18:25:08,625 : INFO : test_SearchUser_Param_005 : Validate user found or not
2025-03-26 18:25:08,625 : INFO : test_SearchUser_Param_005 : Validate user found or not
2025-03-26 18:25:08,625 : INFO : test_SearchUser_Param_005 : Validate user found or not
2025-03-26 18:25:28,778 : INFO : test_SearchUser_Param_005 : user found
2025-03-26 18:25:28,778 : INFO : test_SearchUser_Param_005 : user found
2025-03-26 18:25:28,778 : INFO : test_SearchUser_Param_005 : user found
2025-03-26 18:25:28,778 : INFO : test_SearchUser_Param_005 : user found
2025-03-26 18:25:28,778 : INFO : test_SearchUser_Param_005 : Capturing Screenshot
2025-03-26 18:25:28,778 : INFO : test_SearchUser_Param_005 : Capturing Screenshot
2025-03-26 18:25:28,778 : INFO : test_SearchUser_Param_005 : Capturing Screenshot
2025-03-26 18:25:28,778 : INFO : test_SearchUser_Param_005 : Capturing Screenshot
2025-03-26 18:25:29,223 : INFO : test_SearchUser_Param_005 : 'test_SearchUser_Param_005' is passed
2025-03-26 18:25:29,223 : INFO : test_SearchUser_Param_005 : 'test_SearchUser_Param_005' is passed
2025-03-26 18:25:29,223 : INFO : test_SearchUser_Param_005 : 'test_SearchUser_Param_005' is passed
2025-03-26 18:25:29,223 : INFO : test_SearchUser_Param_005 : 'test_SearchUser_Param_005' is passed
2025-03-26 18:25:29,223 : INFO : test_SearchUser_Param_005 : 'test_SearchUser_Param_005' is completed

2025-03-26 18:25:29,223 : INFO : test_SearchUser_Param_005 : 'test_SearchUser_Param_005' is completed

2025-03-26 18:25:29,223 : INFO : test_SearchUser_Param_005 : 'test_SearchUser_Param_005' is completed

2025-03-26 18:25:29,223 : INFO : test_SearchUser_Param_005 : 'test_SearchUser_Param_005' is completed

2025-03-26 18:25:36,536 : INFO : test_SearchUser_Param_005 : 'test_SearchUser_Param_005' is started
2025-03-26 18:25:36,536 : INFO : test_SearchUser_Param_005 : 'test_SearchUser_Param_005' is started
2025-03-26 18:25:36,536 : INFO : test_SearchUser_Param_005 : 'test_SearchUser_Param_005' is started
2025-03-26 18:25:36,536 : INFO : test_SearchUser_Param_005 : 'test_SearchUser_Param_005' is started
2025-03-26 18:25:36,536 : INFO : test_SearchUser_Param_005 : Opening browser
2025-03-26 18:25:36,536 : INFO : test_SearchUser_Param_005 : Opening browser
2025-03-26 18:25:36,536 : INFO : test_SearchUser_Param_005 : Opening browser
2025-03-26 18:25:36,536 : INFO : test_SearchUser_Param_005 : Opening browser
2025-03-26 18:25:36,536 : INFO : test_SearchUser_Param_005 : Maximizing window
2025-03-26 18:25:36,536 : INFO : test_SearchUser_Param_005 : Maximizing window
2025-03-26 18:25:36,536 : INFO : test_SearchUser_Param_005 : Maximizing window
2025-03-26 18:25:36,536 : INFO : test_SearchUser_Param_005 : Maximizing window
2025-03-26 18:25:36,536 : INFO : test_SearchUser_Param_005 : Launching URL
2025-03-26 18:25:36,536 : INFO : test_SearchUser_Param_005 : Launching URL
2025-03-26 18:25:36,536 : INFO : test_SearchUser_Param_005 : Launching URL
2025-03-26 18:25:36,536 : INFO : test_SearchUser_Param_005 : Launching URL
2025-03-26 18:25:37,395 : INFO : test_SearchUser_Param_005 : Click on login link
2025-03-26 18:25:37,395 : INFO : test_SearchUser_Param_005 : Click on login link
2025-03-26 18:25:37,395 : INFO : test_SearchUser_Param_005 : Click on login link
2025-03-26 18:25:37,395 : INFO : test_SearchUser_Param_005 : Click on login link
2025-03-26 18:25:37,488 : INFO : test_SearchUser_Param_005 : Enter Username: YashTech
2025-03-26 18:25:37,488 : INFO : test_SearchUser_Param_005 : Enter Username: YashTech
2025-03-26 18:25:37,488 : INFO : test_SearchUser_Param_005 : Enter Username: YashTech
2025-03-26 18:25:37,488 : INFO : test_SearchUser_Param_005 : Enter Username: YashTech
2025-03-26 18:25:37,542 : INFO : test_SearchUser_Param_005 : Enter Password: YashTech@101
2025-03-26 18:25:37,542 : INFO : test_SearchUser_Param_005 : Enter Password: YashTech@101
2025-03-26 18:25:37,542 : INFO : test_SearchUser_Param_005 : Enter Password: YashTech@101
2025-03-26 18:25:37,542 : INFO : test_SearchUser_Param_005 : Enter Password: YashTech@101
2025-03-26 18:25:37,585 : INFO : test_SearchUser_Param_005 : Click on login button
2025-03-26 18:25:37,585 : INFO : test_SearchUser_Param_005 : Click on login button
2025-03-26 18:25:37,585 : INFO : test_SearchUser_Param_005 : Click on login button
2025-03-26 18:25:37,585 : INFO : test_SearchUser_Param_005 : Click on login button
2025-03-26 18:25:37,586 : INFO : test_SearchUser_Param_005 : Validating User landed on correct page or not
2025-03-26 18:25:37,586 : INFO : test_SearchUser_Param_005 : Validating User landed on correct page or not
2025-03-26 18:25:37,586 : INFO : test_SearchUser_Param_005 : Validating User landed on correct page or not
2025-03-26 18:25:37,586 : INFO : test_SearchUser_Param_005 : Validating User landed on correct page or not
2025-03-26 18:25:39,271 : INFO : test_SearchUser_Param_005 : User landed on correct page
2025-03-26 18:25:39,271 : INFO : test_SearchUser_Param_005 : User landed on correct page
2025-03-26 18:25:39,271 : INFO : test_SearchUser_Param_005 : User landed on correct page
2025-03-26 18:25:39,271 : INFO : test_SearchUser_Param_005 : User landed on correct page
2025-03-26 18:25:39,750 : INFO : test_SearchUser_Param_005 : Click on User Management link
2025-03-26 18:25:39,750 : INFO : test_SearchUser_Param_005 : Click on User Management link
2025-03-26 18:25:39,750 : INFO : test_SearchUser_Param_005 : Click on User Management link
2025-03-26 18:25:39,750 : INFO : test_SearchUser_Param_005 : Click on User Management link
2025-03-26 18:25:39,814 : INFO : test_SearchUser_Param_005 : Enter Username: TusharK
2025-03-26 18:25:39,814 : INFO : test_SearchUser_Param_005 : Enter Username: TusharK
2025-03-26 18:25:39,814 : INFO : test_SearchUser_Param_005 : Enter Username: TusharK
2025-03-26 18:25:39,814 : INFO : test_SearchUser_Param_005 : Enter Username: TusharK
2025-03-26 18:25:40,296 : INFO : test_SearchUser_Param_005 : Click on Search User button
2025-03-26 18:25:40,296 : INFO : test_SearchUser_Param_005 : Click on Search User button
2025-03-26 18:25:40,296 : INFO : test_SearchUser_Param_005 : Click on Search User button
2025-03-26 18:25:40,296 : INFO : test_SearchUser_Param_005 : Click on Search User button
2025-03-26 18:25:40,296 : INFO : test_SearchUser_Param_005 : Validate user found or not
2025-03-26 18:25:40,296 : INFO : test_SearchUser_Param_005 : Validate user found or not
2025-03-26 18:25:40,296 : INFO : test_SearchUser_Param_005 : Validate user found or not
2025-03-26 18:25:40,296 : INFO : test_SearchUser_Param_005 : Validate user found or not
2025-03-26 18:26:00,462 : INFO : test_SearchUser_Param_005 : user found
2025-03-26 18:26:00,462 : INFO : test_SearchUser_Param_005 : user found
2025-03-26 18:26:00,462 : INFO : test_SearchUser_Param_005 : user found
2025-03-26 18:26:00,462 : INFO : test_SearchUser_Param_005 : user found
2025-03-26 18:26:00,462 : INFO : test_SearchUser_Param_005 : Capturing Screenshot
2025-03-26 18:26:00,462 : INFO : test_SearchUser_Param_005 : Capturing Screenshot
2025-03-26 18:26:00,462 : INFO : test_SearchUser_Param_005 : Capturing Screenshot
2025-03-26 18:26:00,462 : INFO : test_SearchUser_Param_005 : Capturing Screenshot
2025-03-26 18:26:00,816 : INFO : test_SearchUser_Param_005 : 'test_SearchUser_Param_005' is passed
2025-03-26 18:26:00,816 : INFO : test_SearchUser_Param_005 : 'test_SearchUser_Param_005' is passed
2025-03-26 18:26:00,816 : INFO : test_SearchUser_Param_005 : 'test_SearchUser_Param_005' is passed
2025-03-26 18:26:00,816 : INFO : test_SearchUser_Param_005 : 'test_SearchUser_Param_005' is passed
2025-03-26 18:26:00,816 : INFO : test_SearchUser_Param_005 : 'test_SearchUser_Param_005' is completed

2025-03-26 18:26:00,816 : INFO : test_SearchUser_Param_005 : 'test_SearchUser_Param_005' is completed

2025-03-26 18:26:00,816 : INFO : test_SearchUser_Param_005 : 'test_SearchUser_Param_005' is completed

2025-03-26 18:26:00,816 : INFO : test_SearchUser_Param_005 : 'test_SearchUser_Param_005' is completed

2025-03-26 18:26:07,054 : INFO : test_Verify_URL_001 : 'test_Verify_URL_001' test case started
2025-03-26 18:26:07,054 : INFO : test_Verify_URL_001 : 'test_Verify_URL_001' test case started
2025-03-26 18:26:07,054 : INFO : test_Verify_URL_001 : 'test_Verify_URL_001' test case started
2025-03-26 18:26:07,054 : INFO : test_Verify_URL_001 : 'test_Verify_URL_001' test case started
2025-03-26 18:26:07,055 : INFO : test_Verify_URL_001 : Opening browser
2025-03-26 18:26:07,055 : INFO : test_Verify_URL_001 : Opening browser
2025-03-26 18:26:07,055 : INFO : test_Verify_URL_001 : Opening browser
2025-03-26 18:26:07,055 : INFO : test_Verify_URL_001 : Opening browser
2025-03-26 18:26:07,055 : INFO : test_Verify_URL_001 : Maximizing window
2025-03-26 18:26:07,055 : INFO : test_Verify_URL_001 : Maximizing window
2025-03-26 18:26:07,055 : INFO : test_Verify_URL_001 : Maximizing window
2025-03-26 18:26:07,055 : INFO : test_Verify_URL_001 : Maximizing window
2025-03-26 18:26:07,055 : INFO : test_Verify_URL_001 : Launching URL
2025-03-26 18:26:07,055 : INFO : test_Verify_URL_001 : Launching URL
2025-03-26 18:26:07,055 : INFO : test_Verify_URL_001 : Launching URL
2025-03-26 18:26:07,055 : INFO : test_Verify_URL_001 : Launching URL
2025-03-26 18:26:07,055 : INFO : test_Verify_URL_001 : Validating URL launch on correct page or not
2025-03-26 18:26:07,055 : INFO : test_Verify_URL_001 : Validating URL launch on correct page or not
2025-03-26 18:26:07,055 : INFO : test_Verify_URL_001 : Validating URL launch on correct page or not
2025-03-26 18:26:07,055 : INFO : test_Verify_URL_001 : Validating URL launch on correct page or not
2025-03-26 18:26:07,067 : INFO : test_Verify_URL_001 : URL launched on correct page
2025-03-26 18:26:07,067 : INFO : test_Verify_URL_001 : URL launched on correct page
2025-03-26 18:26:07,067 : INFO : test_Verify_URL_001 : URL launched on correct page
2025-03-26 18:26:07,067 : INFO : test_Verify_URL_001 : URL launched on correct page
2025-03-26 18:26:07,067 : INFO : test_Verify_URL_001 : Capturing Screenshot
2025-03-26 18:26:07,067 : INFO : test_Verify_URL_001 : Capturing Screenshot
2025-03-26 18:26:07,067 : INFO : test_Verify_URL_001 : Capturing Screenshot
2025-03-26 18:26:07,067 : INFO : test_Verify_URL_001 : Capturing Screenshot
2025-03-26 18:26:07,373 : INFO : test_Verify_URL_001 : 'test_Verify_URL_001' is passed
2025-03-26 18:26:07,373 : INFO : test_Verify_URL_001 : 'test_Verify_URL_001' is passed
2025-03-26 18:26:07,373 : INFO : test_Verify_URL_001 : 'test_Verify_URL_001' is passed
2025-03-26 18:26:07,373 : INFO : test_Verify_URL_001 : 'test_Verify_URL_001' is passed
2025-03-26 18:26:07,374 : INFO : test_Verify_URL_001 : 'test_Verify_URL_001' is completed

2025-03-26 18:26:07,374 : INFO : test_Verify_URL_001 : 'test_Verify_URL_001' is completed

2025-03-26 18:26:07,374 : INFO : test_Verify_URL_001 : 'test_Verify_URL_001' is completed

2025-03-26 18:26:07,374 : INFO : test_Verify_URL_001 : 'test_Verify_URL_001' is completed

2025-03-26 18:26:14,187 : INFO : test_CreateUser_002 : 'test_CreateUser_002' test case is started
2025-03-26 18:26:14,187 : INFO : test_CreateUser_002 : 'test_CreateUser_002' test case is started
2025-03-26 18:26:14,187 : INFO : test_CreateUser_002 : 'test_CreateUser_002' test case is started
2025-03-26 18:26:14,187 : INFO : test_CreateUser_002 : 'test_CreateUser_002' test case is started
2025-03-26 18:26:14,187 : INFO : test_CreateUser_002 : Opening browser
2025-03-26 18:26:14,187 : INFO : test_CreateUser_002 : Opening browser
2025-03-26 18:26:14,187 : INFO : test_CreateUser_002 : Opening browser
2025-03-26 18:26:14,187 : INFO : test_CreateUser_002 : Opening browser
2025-03-26 18:26:14,187 : INFO : test_CreateUser_002 : Launching URL
2025-03-26 18:26:14,187 : INFO : test_CreateUser_002 : Launching URL
2025-03-26 18:26:14,187 : INFO : test_CreateUser_002 : Launching URL
2025-03-26 18:26:14,187 : INFO : test_CreateUser_002 : Launching URL
2025-03-26 18:26:14,188 : INFO : test_CreateUser_002 : Maximizing window
2025-03-26 18:26:14,188 : INFO : test_CreateUser_002 : Maximizing window
2025-03-26 18:26:14,188 : INFO : test_CreateUser_002 : Maximizing window
2025-03-26 18:26:14,188 : INFO : test_CreateUser_002 : Maximizing window
2025-03-26 18:26:14,668 : INFO : test_CreateUser_002 : Click on Sign Up link
2025-03-26 18:26:14,668 : INFO : test_CreateUser_002 : Click on Sign Up link
2025-03-26 18:26:14,668 : INFO : test_CreateUser_002 : Click on Sign Up link
2025-03-26 18:26:14,668 : INFO : test_CreateUser_002 : Click on Sign Up link
2025-03-26 18:26:14,748 : INFO : test_CreateUser_002 : Entering Username: Userdtzk
2025-03-26 18:26:14,748 : INFO : test_CreateUser_002 : Entering Username: Userdtzk
2025-03-26 18:26:14,748 : INFO : test_CreateUser_002 : Entering Username: Userdtzk
2025-03-26 18:26:14,748 : INFO : test_CreateUser_002 : Entering Username: Userdtzk
2025-03-26 18:26:14,797 : INFO : test_CreateUser_002 : Entering Password: User@101
2025-03-26 18:26:14,797 : INFO : test_CreateUser_002 : Entering Password: User@101
2025-03-26 18:26:14,797 : INFO : test_CreateUser_002 : Entering Password: User@101
2025-03-26 18:26:14,797 : INFO : test_CreateUser_002 : Entering Password: User@101
2025-03-26 18:26:14,845 : INFO : test_CreateUser_002 : Entering Email: Userdtzk@credence.in
2025-03-26 18:26:14,845 : INFO : test_CreateUser_002 : Entering Email: Userdtzk@credence.in
2025-03-26 18:26:14,845 : INFO : test_CreateUser_002 : Entering Email: Userdtzk@credence.in
2025-03-26 18:26:14,845 : INFO : test_CreateUser_002 : Entering Email: Userdtzk@credence.in
2025-03-26 18:26:14,882 : INFO : test_CreateUser_002 : Entering Phone Number: 4856171078
2025-03-26 18:26:14,882 : INFO : test_CreateUser_002 : Entering Phone Number: 4856171078
2025-03-26 18:26:14,882 : INFO : test_CreateUser_002 : Entering Phone Number: 4856171078
2025-03-26 18:26:14,882 : INFO : test_CreateUser_002 : Entering Phone Number: 4856171078
2025-03-26 18:26:14,937 : INFO : test_CreateUser_002 : Click on create user button
2025-03-26 18:26:14,937 : INFO : test_CreateUser_002 : Click on create user button
2025-03-26 18:26:14,937 : INFO : test_CreateUser_002 : Click on create user button
2025-03-26 18:26:14,937 : INFO : test_CreateUser_002 : Click on create user button
2025-03-26 18:26:14,938 : INFO : test_CreateUser_002 : Validating User Created or not
2025-03-26 18:26:14,938 : INFO : test_CreateUser_002 : Validating User Created or not
2025-03-26 18:26:14,938 : INFO : test_CreateUser_002 : Validating User Created or not
2025-03-26 18:26:14,938 : INFO : test_CreateUser_002 : Validating User Created or not
2025-03-26 18:26:15,452 : INFO : test_CreateUser_002 : User created
2025-03-26 18:26:15,452 : INFO : test_CreateUser_002 : User created
2025-03-26 18:26:15,452 : INFO : test_CreateUser_002 : User created
2025-03-26 18:26:15,452 : INFO : test_CreateUser_002 : User created
2025-03-26 18:26:15,452 : INFO : test_CreateUser_002 : Capturing Screenshot
2025-03-26 18:26:15,452 : INFO : test_CreateUser_002 : Capturing Screenshot
2025-03-26 18:26:15,452 : INFO : test_CreateUser_002 : Capturing Screenshot
2025-03-26 18:26:15,452 : INFO : test_CreateUser_002 : Capturing Screenshot
2025-03-26 18:26:15,794 : INFO : test_CreateUser_002 : 'test_CreateUser_002' is passed
2025-03-26 18:26:15,794 : INFO : test_CreateUser_002 : 'test_CreateUser_002' is passed
2025-03-26 18:26:15,794 : INFO : test_CreateUser_002 : 'test_CreateUser_002' is passed
2025-03-26 18:26:15,794 : INFO : test_CreateUser_002 : 'test_CreateUser_002' is passed
2025-03-26 18:26:15,794 : INFO : test_CreateUser_002 : 'test_CreateUser_002' is completed

2025-03-26 18:26:15,794 : INFO : test_CreateUser_002 : 'test_CreateUser_002' is completed

2025-03-26 18:26:15,794 : INFO : test_CreateUser_002 : 'test_CreateUser_002' is completed

2025-03-26 18:26:15,794 : INFO : test_CreateUser_002 : 'test_CreateUser_002' is completed

2025-03-26 18:26:23,284 : INFO : test_UserLogin_003 : 'test_UserLogin_003' test case started
2025-03-26 18:26:23,284 : INFO : test_UserLogin_003 : 'test_UserLogin_003' test case started
2025-03-26 18:26:23,284 : INFO : test_UserLogin_003 : 'test_UserLogin_003' test case started
2025-03-26 18:26:23,284 : INFO : test_UserLogin_003 : 'test_UserLogin_003' test case started
2025-03-26 18:26:23,284 : INFO : test_UserLogin_003 : Opening browser
2025-03-26 18:26:23,284 : INFO : test_UserLogin_003 : Opening browser
2025-03-26 18:26:23,284 : INFO : test_UserLogin_003 : Opening browser
2025-03-26 18:26:23,284 : INFO : test_UserLogin_003 : Opening browser
2025-03-26 18:26:23,284 : INFO : test_UserLogin_003 : Maximizing window
2025-03-26 18:26:23,284 : INFO : test_UserLogin_003 : Maximizing window
2025-03-26 18:26:23,284 : INFO : test_UserLogin_003 : Maximizing window
2025-03-26 18:26:23,284 : INFO : test_UserLogin_003 : Maximizing window
2025-03-26 18:26:23,284 : INFO : test_UserLogin_003 : Launching URL
2025-03-26 18:26:23,284 : INFO : test_UserLogin_003 : Launching URL
2025-03-26 18:26:23,284 : INFO : test_UserLogin_003 : Launching URL
2025-03-26 18:26:23,284 : INFO : test_UserLogin_003 : Launching URL
2025-03-26 18:26:24,144 : INFO : test_UserLogin_003 : Click on login link
2025-03-26 18:26:24,144 : INFO : test_UserLogin_003 : Click on login link
2025-03-26 18:26:24,144 : INFO : test_UserLogin_003 : Click on login link
2025-03-26 18:26:24,144 : INFO : test_UserLogin_003 : Click on login link
2025-03-26 18:26:24,231 : INFO : test_UserLogin_003 : Enter Username:- YashTech
2025-03-26 18:26:24,231 : INFO : test_UserLogin_003 : Enter Username:- YashTech
2025-03-26 18:26:24,231 : INFO : test_UserLogin_003 : Enter Username:- YashTech
2025-03-26 18:26:24,231 : INFO : test_UserLogin_003 : Enter Username:- YashTech
2025-03-26 18:26:24,282 : INFO : test_UserLogin_003 : Enter Password: YashTech@101
2025-03-26 18:26:24,282 : INFO : test_UserLogin_003 : Enter Password: YashTech@101
2025-03-26 18:26:24,282 : INFO : test_UserLogin_003 : Enter Password: YashTech@101
2025-03-26 18:26:24,282 : INFO : test_UserLogin_003 : Enter Password: YashTech@101
2025-03-26 18:26:25,983 : INFO : test_UserLogin_003 : Click on login button
2025-03-26 18:26:25,983 : INFO : test_UserLogin_003 : Click on login button
2025-03-26 18:26:25,983 : INFO : test_UserLogin_003 : Click on login button
2025-03-26 18:26:25,983 : INFO : test_UserLogin_003 : Click on login button
2025-03-26 18:26:25,983 : INFO : test_UserLogin_003 : Validating User login
2025-03-26 18:26:25,983 : INFO : test_UserLogin_003 : Validating User login
2025-03-26 18:26:25,983 : INFO : test_UserLogin_003 : Validating User login
2025-03-26 18:26:25,983 : INFO : test_UserLogin_003 : Validating User login
2025-03-26 18:26:26,014 : INFO : test_UserLogin_003 : User logged in
2025-03-26 18:26:26,014 : INFO : test_UserLogin_003 : User logged in
2025-03-26 18:26:26,014 : INFO : test_UserLogin_003 : User logged in
2025-03-26 18:26:26,014 : INFO : test_UserLogin_003 : User logged in
2025-03-26 18:26:26,014 : INFO : test_UserLogin_003 : Capturing Screenshot
2025-03-26 18:26:26,014 : INFO : test_UserLogin_003 : Capturing Screenshot
2025-03-26 18:26:26,014 : INFO : test_UserLogin_003 : Capturing Screenshot
2025-03-26 18:26:26,014 : INFO : test_UserLogin_003 : Capturing Screenshot
2025-03-26 18:26:26,349 : INFO : test_UserLogin_003 : 'test_UserLogin_003' is passed
2025-03-26 18:26:26,349 : INFO : test_UserLogin_003 : 'test_UserLogin_003' is passed
2025-03-26 18:26:26,349 : INFO : test_UserLogin_003 : 'test_UserLogin_003' is passed
2025-03-26 18:26:26,349 : INFO : test_UserLogin_003 : 'test_UserLogin_003' is passed
2025-03-26 18:26:26,350 : INFO : test_UserLogin_003 : 'test_UserLogin_003' is completed

2025-03-26 18:26:26,350 : INFO : test_UserLogin_003 : 'test_UserLogin_003' is completed

2025-03-26 18:26:26,350 : INFO : test_UserLogin_003 : 'test_UserLogin_003' is completed

2025-03-26 18:26:26,350 : INFO : test_UserLogin_003 : 'test_UserLogin_003' is completed

2025-03-26 18:31:55,603 : INFO : test_SearchUser_004 : 'test_SearchUser_004' is started
2025-03-26 18:31:55,603 : INFO : test_SearchUser_004 : 'test_SearchUser_004' is started
2025-03-26 18:31:55,603 : INFO : test_SearchUser_004 : 'test_SearchUser_004' is started
2025-03-26 18:31:55,603 : INFO : test_SearchUser_004 : 'test_SearchUser_004' is started
2025-03-26 18:31:55,607 : INFO : test_SearchUser_004 : Opening browser
2025-03-26 18:31:55,607 : INFO : test_SearchUser_004 : Opening browser
2025-03-26 18:31:55,607 : INFO : test_SearchUser_004 : Opening browser
2025-03-26 18:31:55,607 : INFO : test_SearchUser_004 : Opening browser
2025-03-26 18:31:55,607 : INFO : test_SearchUser_004 : Maximizing window
2025-03-26 18:31:55,607 : INFO : test_SearchUser_004 : Maximizing window
2025-03-26 18:31:55,607 : INFO : test_SearchUser_004 : Maximizing window
2025-03-26 18:31:55,607 : INFO : test_SearchUser_004 : Maximizing window
2025-03-26 18:31:55,607 : INFO : test_SearchUser_004 : Launching URL
2025-03-26 18:31:55,607 : INFO : test_SearchUser_004 : Launching URL
2025-03-26 18:31:55,607 : INFO : test_SearchUser_004 : Launching URL
2025-03-26 18:31:55,607 : INFO : test_SearchUser_004 : Launching URL
2025-03-26 18:31:56,479 : INFO : test_SearchUser_004 : Click on login link
2025-03-26 18:31:56,479 : INFO : test_SearchUser_004 : Click on login link
2025-03-26 18:31:56,479 : INFO : test_SearchUser_004 : Click on login link
2025-03-26 18:31:56,479 : INFO : test_SearchUser_004 : Click on login link
2025-03-26 18:31:56,574 : INFO : test_SearchUser_004 : Enter Username: YashTech
2025-03-26 18:31:56,574 : INFO : test_SearchUser_004 : Enter Username: YashTech
2025-03-26 18:31:56,574 : INFO : test_SearchUser_004 : Enter Username: YashTech
2025-03-26 18:31:56,574 : INFO : test_SearchUser_004 : Enter Username: YashTech
2025-03-26 18:31:56,668 : INFO : test_SearchUser_004 : Enter Password: YashTech@101
2025-03-26 18:31:56,668 : INFO : test_SearchUser_004 : Enter Password: YashTech@101
2025-03-26 18:31:56,668 : INFO : test_SearchUser_004 : Enter Password: YashTech@101
2025-03-26 18:31:56,668 : INFO : test_SearchUser_004 : Enter Password: YashTech@101
2025-03-26 18:31:58,603 : INFO : test_SearchUser_004 : Click on login button
2025-03-26 18:31:58,603 : INFO : test_SearchUser_004 : Click on login button
2025-03-26 18:31:58,603 : INFO : test_SearchUser_004 : Click on login button
2025-03-26 18:31:58,603 : INFO : test_SearchUser_004 : Click on login button
2025-03-26 18:31:58,603 : INFO : test_SearchUser_004 : Validating User landed on correct page or not
2025-03-26 18:31:58,603 : INFO : test_SearchUser_004 : Validating User landed on correct page or not
2025-03-26 18:31:58,603 : INFO : test_SearchUser_004 : Validating User landed on correct page or not
2025-03-26 18:31:58,603 : INFO : test_SearchUser_004 : Validating User landed on correct page or not
2025-03-26 18:31:58,633 : INFO : test_SearchUser_004 : User landed on correct page
2025-03-26 18:31:58,633 : INFO : test_SearchUser_004 : User landed on correct page
2025-03-26 18:31:58,633 : INFO : test_SearchUser_004 : User landed on correct page
2025-03-26 18:31:58,633 : INFO : test_SearchUser_004 : User landed on correct page
2025-03-26 18:31:59,133 : INFO : test_SearchUser_004 : Click on User Management link
2025-03-26 18:31:59,133 : INFO : test_SearchUser_004 : Click on User Management link
2025-03-26 18:31:59,133 : INFO : test_SearchUser_004 : Click on User Management link
2025-03-26 18:31:59,133 : INFO : test_SearchUser_004 : Click on User Management link
2025-03-26 18:31:59,211 : INFO : test_SearchUser_004 : Enter Username: Yashp
2025-03-26 18:31:59,211 : INFO : test_SearchUser_004 : Enter Username: Yashp
2025-03-26 18:31:59,211 : INFO : test_SearchUser_004 : Enter Username: Yashp
2025-03-26 18:31:59,211 : INFO : test_SearchUser_004 : Enter Username: Yashp
2025-03-26 18:31:59,732 : INFO : test_SearchUser_004 : Click on Search User button
2025-03-26 18:31:59,732 : INFO : test_SearchUser_004 : Click on Search User button
2025-03-26 18:31:59,732 : INFO : test_SearchUser_004 : Click on Search User button
2025-03-26 18:31:59,732 : INFO : test_SearchUser_004 : Click on Search User button
2025-03-26 18:31:59,732 : INFO : test_SearchUser_004 : Validate user found or not
2025-03-26 18:31:59,732 : INFO : test_SearchUser_004 : Validate user found or not
2025-03-26 18:31:59,732 : INFO : test_SearchUser_004 : Validate user found or not
2025-03-26 18:31:59,732 : INFO : test_SearchUser_004 : Validate user found or not
2025-03-26 18:31:59,796 : INFO : test_SearchUser_004 : user found
2025-03-26 18:31:59,796 : INFO : test_SearchUser_004 : user found
2025-03-26 18:31:59,796 : INFO : test_SearchUser_004 : user found
2025-03-26 18:31:59,796 : INFO : test_SearchUser_004 : user found
2025-03-26 18:31:59,797 : INFO : test_SearchUser_004 : Capturing Screenshot
2025-03-26 18:31:59,797 : INFO : test_SearchUser_004 : Capturing Screenshot
2025-03-26 18:31:59,797 : INFO : test_SearchUser_004 : Capturing Screenshot
2025-03-26 18:31:59,797 : INFO : test_SearchUser_004 : Capturing Screenshot
2025-03-26 18:32:00,113 : INFO : test_SearchUser_004 : 'test_SearchUser_004' is passed
2025-03-26 18:32:00,113 : INFO : test_SearchUser_004 : 'test_SearchUser_004' is passed
2025-03-26 18:32:00,113 : INFO : test_SearchUser_004 : 'test_SearchUser_004' is passed
2025-03-26 18:32:00,113 : INFO : test_SearchUser_004 : 'test_SearchUser_004' is passed
2025-03-26 18:32:00,113 : INFO : test_SearchUser_004 : 'test_SearchUser_004' is completed

2025-03-26 18:32:00,113 : INFO : test_SearchUser_004 : 'test_SearchUser_004' is completed

2025-03-26 18:32:00,113 : INFO : test_SearchUser_004 : 'test_SearchUser_004' is completed

2025-03-26 18:32:00,113 : INFO : test_SearchUser_004 : 'test_SearchUser_004' is completed

2025-03-26 18:32:06,706 : INFO : test_SearchUser_Param_005 : 'test_SearchUser_Param_005' is started
2025-03-26 18:32:06,706 : INFO : test_SearchUser_Param_005 : 'test_SearchUser_Param_005' is started
2025-03-26 18:32:06,706 : INFO : test_SearchUser_Param_005 : 'test_SearchUser_Param_005' is started
2025-03-26 18:32:06,706 : INFO : test_SearchUser_Param_005 : 'test_SearchUser_Param_005' is started
2025-03-26 18:32:06,706 : INFO : test_SearchUser_Param_005 : Opening browser
2025-03-26 18:32:06,706 : INFO : test_SearchUser_Param_005 : Opening browser
2025-03-26 18:32:06,706 : INFO : test_SearchUser_Param_005 : Opening browser
2025-03-26 18:32:06,706 : INFO : test_SearchUser_Param_005 : Opening browser
2025-03-26 18:32:06,707 : INFO : test_SearchUser_Param_005 : Maximizing window
2025-03-26 18:32:06,707 : INFO : test_SearchUser_Param_005 : Maximizing window
2025-03-26 18:32:06,707 : INFO : test_SearchUser_Param_005 : Maximizing window
2025-03-26 18:32:06,707 : INFO : test_SearchUser_Param_005 : Maximizing window
2025-03-26 18:32:06,707 : INFO : test_SearchUser_Param_005 : Launching URL
2025-03-26 18:32:06,707 : INFO : test_SearchUser_Param_005 : Launching URL
2025-03-26 18:32:06,707 : INFO : test_SearchUser_Param_005 : Launching URL
2025-03-26 18:32:06,707 : INFO : test_SearchUser_Param_005 : Launching URL
2025-03-26 18:32:07,640 : INFO : test_SearchUser_Param_005 : Click on login link
2025-03-26 18:32:07,640 : INFO : test_SearchUser_Param_005 : Click on login link
2025-03-26 18:32:07,640 : INFO : test_SearchUser_Param_005 : Click on login link
2025-03-26 18:32:07,640 : INFO : test_SearchUser_Param_005 : Click on login link
2025-03-26 18:32:07,777 : INFO : test_SearchUser_Param_005 : Enter Username: YashTech
2025-03-26 18:32:07,777 : INFO : test_SearchUser_Param_005 : Enter Username: YashTech
2025-03-26 18:32:07,777 : INFO : test_SearchUser_Param_005 : Enter Username: YashTech
2025-03-26 18:32:07,777 : INFO : test_SearchUser_Param_005 : Enter Username: YashTech
2025-03-26 18:32:07,876 : INFO : test_SearchUser_Param_005 : Enter Password: YashTech@101
2025-03-26 18:32:07,876 : INFO : test_SearchUser_Param_005 : Enter Password: YashTech@101
2025-03-26 18:32:07,876 : INFO : test_SearchUser_Param_005 : Enter Password: YashTech@101
2025-03-26 18:32:07,876 : INFO : test_SearchUser_Param_005 : Enter Password: YashTech@101
2025-03-26 18:32:09,354 : INFO : test_SearchUser_Param_005 : Click on login button
2025-03-26 18:32:09,354 : INFO : test_SearchUser_Param_005 : Click on login button
2025-03-26 18:32:09,354 : INFO : test_SearchUser_Param_005 : Click on login button
2025-03-26 18:32:09,354 : INFO : test_SearchUser_Param_005 : Click on login button
2025-03-26 18:32:09,358 : INFO : test_SearchUser_Param_005 : Validating User landed on correct page or not
2025-03-26 18:32:09,358 : INFO : test_SearchUser_Param_005 : Validating User landed on correct page or not
2025-03-26 18:32:09,358 : INFO : test_SearchUser_Param_005 : Validating User landed on correct page or not
2025-03-26 18:32:09,358 : INFO : test_SearchUser_Param_005 : Validating User landed on correct page or not
2025-03-26 18:32:09,426 : INFO : test_SearchUser_Param_005 : User landed on correct page
2025-03-26 18:32:09,426 : INFO : test_SearchUser_Param_005 : User landed on correct page
2025-03-26 18:32:09,426 : INFO : test_SearchUser_Param_005 : User landed on correct page
2025-03-26 18:32:09,426 : INFO : test_SearchUser_Param_005 : User landed on correct page
2025-03-26 18:32:09,970 : INFO : test_SearchUser_Param_005 : Click on User Management link
2025-03-26 18:32:09,970 : INFO : test_SearchUser_Param_005 : Click on User Management link
2025-03-26 18:32:09,970 : INFO : test_SearchUser_Param_005 : Click on User Management link
2025-03-26 18:32:09,970 : INFO : test_SearchUser_Param_005 : Click on User Management link
2025-03-26 18:32:10,033 : INFO : test_SearchUser_Param_005 : Enter Username: Admin
2025-03-26 18:32:10,033 : INFO : test_SearchUser_Param_005 : Enter Username: Admin
2025-03-26 18:32:10,033 : INFO : test_SearchUser_Param_005 : Enter Username: Admin
2025-03-26 18:32:10,033 : INFO : test_SearchUser_Param_005 : Enter Username: Admin
2025-03-26 18:32:10,535 : INFO : test_SearchUser_Param_005 : Click on Search User button
2025-03-26 18:32:10,535 : INFO : test_SearchUser_Param_005 : Click on Search User button
2025-03-26 18:32:10,535 : INFO : test_SearchUser_Param_005 : Click on Search User button
2025-03-26 18:32:10,535 : INFO : test_SearchUser_Param_005 : Click on Search User button
2025-03-26 18:32:10,536 : INFO : test_SearchUser_Param_005 : Validate user found or not
2025-03-26 18:32:10,536 : INFO : test_SearchUser_Param_005 : Validate user found or not
2025-03-26 18:32:10,536 : INFO : test_SearchUser_Param_005 : Validate user found or not
2025-03-26 18:32:10,536 : INFO : test_SearchUser_Param_005 : Validate user found or not
2025-03-26 18:32:10,589 : INFO : test_SearchUser_Param_005 : user found
2025-03-26 18:32:10,589 : INFO : test_SearchUser_Param_005 : user found
2025-03-26 18:32:10,589 : INFO : test_SearchUser_Param_005 : user found
2025-03-26 18:32:10,589 : INFO : test_SearchUser_Param_005 : user found
2025-03-26 18:32:10,589 : INFO : test_SearchUser_Param_005 : Capturing Screenshot
2025-03-26 18:32:10,589 : INFO : test_SearchUser_Param_005 : Capturing Screenshot
2025-03-26 18:32:10,589 : INFO : test_SearchUser_Param_005 : Capturing Screenshot
2025-03-26 18:32:10,589 : INFO : test_SearchUser_Param_005 : Capturing Screenshot
2025-03-26 18:32:10,914 : INFO : test_SearchUser_Param_005 : 'test_SearchUser_Param_005' is passed
2025-03-26 18:32:10,914 : INFO : test_SearchUser_Param_005 : 'test_SearchUser_Param_005' is passed
2025-03-26 18:32:10,914 : INFO : test_SearchUser_Param_005 : 'test_SearchUser_Param_005' is passed
2025-03-26 18:32:10,914 : INFO : test_SearchUser_Param_005 : 'test_SearchUser_Param_005' is passed
2025-03-26 18:32:10,914 : INFO : test_SearchUser_Param_005 : 'test_SearchUser_Param_005' is completed

2025-03-26 18:32:10,914 : INFO : test_SearchUser_Param_005 : 'test_SearchUser_Param_005' is completed

2025-03-26 18:32:10,914 : INFO : test_SearchUser_Param_005 : 'test_SearchUser_Param_005' is completed

2025-03-26 18:32:10,914 : INFO : test_SearchUser_Param_005 : 'test_SearchUser_Param_005' is completed

2025-03-26 18:32:18,394 : INFO : test_SearchUser_Param_005 : 'test_SearchUser_Param_005' is started
2025-03-26 18:32:18,394 : INFO : test_SearchUser_Param_005 : 'test_SearchUser_Param_005' is started
2025-03-26 18:32:18,394 : INFO : test_SearchUser_Param_005 : 'test_SearchUser_Param_005' is started
2025-03-26 18:32:18,394 : INFO : test_SearchUser_Param_005 : 'test_SearchUser_Param_005' is started
2025-03-26 18:32:18,396 : INFO : test_SearchUser_Param_005 : Opening browser
2025-03-26 18:32:18,396 : INFO : test_SearchUser_Param_005 : Opening browser
2025-03-26 18:32:18,396 : INFO : test_SearchUser_Param_005 : Opening browser
2025-03-26 18:32:18,396 : INFO : test_SearchUser_Param_005 : Opening browser
2025-03-26 18:32:18,396 : INFO : test_SearchUser_Param_005 : Maximizing window
2025-03-26 18:32:18,396 : INFO : test_SearchUser_Param_005 : Maximizing window
2025-03-26 18:32:18,396 : INFO : test_SearchUser_Param_005 : Maximizing window
2025-03-26 18:32:18,396 : INFO : test_SearchUser_Param_005 : Maximizing window
2025-03-26 18:32:18,396 : INFO : test_SearchUser_Param_005 : Launching URL
2025-03-26 18:32:18,396 : INFO : test_SearchUser_Param_005 : Launching URL
2025-03-26 18:32:18,396 : INFO : test_SearchUser_Param_005 : Launching URL
2025-03-26 18:32:18,396 : INFO : test_SearchUser_Param_005 : Launching URL
2025-03-26 18:32:19,252 : INFO : test_SearchUser_Param_005 : Click on login link
2025-03-26 18:32:19,252 : INFO : test_SearchUser_Param_005 : Click on login link
2025-03-26 18:32:19,252 : INFO : test_SearchUser_Param_005 : Click on login link
2025-03-26 18:32:19,252 : INFO : test_SearchUser_Param_005 : Click on login link
2025-03-26 18:32:19,364 : INFO : test_SearchUser_Param_005 : Enter Username: YashTech
2025-03-26 18:32:19,364 : INFO : test_SearchUser_Param_005 : Enter Username: YashTech
2025-03-26 18:32:19,364 : INFO : test_SearchUser_Param_005 : Enter Username: YashTech
2025-03-26 18:32:19,364 : INFO : test_SearchUser_Param_005 : Enter Username: YashTech
2025-03-26 18:32:19,424 : INFO : test_SearchUser_Param_005 : Enter Password: YashTech@101
2025-03-26 18:32:19,424 : INFO : test_SearchUser_Param_005 : Enter Password: YashTech@101
2025-03-26 18:32:19,424 : INFO : test_SearchUser_Param_005 : Enter Password: YashTech@101
2025-03-26 18:32:19,424 : INFO : test_SearchUser_Param_005 : Enter Password: YashTech@101
2025-03-26 18:32:20,752 : INFO : test_SearchUser_Param_005 : Click on login button
2025-03-26 18:32:20,752 : INFO : test_SearchUser_Param_005 : Click on login button
2025-03-26 18:32:20,752 : INFO : test_SearchUser_Param_005 : Click on login button
2025-03-26 18:32:20,752 : INFO : test_SearchUser_Param_005 : Click on login button
2025-03-26 18:32:20,752 : INFO : test_SearchUser_Param_005 : Validating User landed on correct page or not
2025-03-26 18:32:20,752 : INFO : test_SearchUser_Param_005 : Validating User landed on correct page or not
2025-03-26 18:32:20,752 : INFO : test_SearchUser_Param_005 : Validating User landed on correct page or not
2025-03-26 18:32:20,752 : INFO : test_SearchUser_Param_005 : Validating User landed on correct page or not
2025-03-26 18:32:20,796 : INFO : test_SearchUser_Param_005 : User landed on correct page
2025-03-26 18:32:20,796 : INFO : test_SearchUser_Param_005 : User landed on correct page
2025-03-26 18:32:20,796 : INFO : test_SearchUser_Param_005 : User landed on correct page
2025-03-26 18:32:20,796 : INFO : test_SearchUser_Param_005 : User landed on correct page
2025-03-26 18:32:21,286 : INFO : test_SearchUser_Param_005 : Click on User Management link
2025-03-26 18:32:21,286 : INFO : test_SearchUser_Param_005 : Click on User Management link
2025-03-26 18:32:21,286 : INFO : test_SearchUser_Param_005 : Click on User Management link
2025-03-26 18:32:21,286 : INFO : test_SearchUser_Param_005 : Click on User Management link
2025-03-26 18:32:21,347 : INFO : test_SearchUser_Param_005 : Enter Username: Yashp
2025-03-26 18:32:21,347 : INFO : test_SearchUser_Param_005 : Enter Username: Yashp
2025-03-26 18:32:21,347 : INFO : test_SearchUser_Param_005 : Enter Username: Yashp
2025-03-26 18:32:21,347 : INFO : test_SearchUser_Param_005 : Enter Username: Yashp
2025-03-26 18:32:21,398 : INFO : test_SearchUser_Param_005 : Click on Search User button
2025-03-26 18:32:21,398 : INFO : test_SearchUser_Param_005 : Click on Search User button
2025-03-26 18:32:21,398 : INFO : test_SearchUser_Param_005 : Click on Search User button
2025-03-26 18:32:21,398 : INFO : test_SearchUser_Param_005 : Click on Search User button
2025-03-26 18:32:21,398 : INFO : test_SearchUser_Param_005 : Validate user found or not
2025-03-26 18:32:21,398 : INFO : test_SearchUser_Param_005 : Validate user found or not
2025-03-26 18:32:21,398 : INFO : test_SearchUser_Param_005 : Validate user found or not
2025-03-26 18:32:21,398 : INFO : test_SearchUser_Param_005 : Validate user found or not
2025-03-26 18:32:21,892 : INFO : test_SearchUser_Param_005 : user found
2025-03-26 18:32:21,892 : INFO : test_SearchUser_Param_005 : user found
2025-03-26 18:32:21,892 : INFO : test_SearchUser_Param_005 : user found
2025-03-26 18:32:21,892 : INFO : test_SearchUser_Param_005 : user found
2025-03-26 18:32:21,893 : INFO : test_SearchUser_Param_005 : Capturing Screenshot
2025-03-26 18:32:21,893 : INFO : test_SearchUser_Param_005 : Capturing Screenshot
2025-03-26 18:32:21,893 : INFO : test_SearchUser_Param_005 : Capturing Screenshot
2025-03-26 18:32:21,893 : INFO : test_SearchUser_Param_005 : Capturing Screenshot
2025-03-26 18:32:22,226 : INFO : test_SearchUser_Param_005 : 'test_SearchUser_Param_005' is passed
2025-03-26 18:32:22,226 : INFO : test_SearchUser_Param_005 : 'test_SearchUser_Param_005' is passed
2025-03-26 18:32:22,226 : INFO : test_SearchUser_Param_005 : 'test_SearchUser_Param_005' is passed
2025-03-26 18:32:22,226 : INFO : test_SearchUser_Param_005 : 'test_SearchUser_Param_005' is passed
2025-03-26 18:32:22,226 : INFO : test_SearchUser_Param_005 : 'test_SearchUser_Param_005' is completed

2025-03-26 18:32:22,226 : INFO : test_SearchUser_Param_005 : 'test_SearchUser_Param_005' is completed

2025-03-26 18:32:22,226 : INFO : test_SearchUser_Param_005 : 'test_SearchUser_Param_005' is completed

2025-03-26 18:32:22,226 : INFO : test_SearchUser_Param_005 : 'test_SearchUser_Param_005' is completed

2025-03-26 18:32:28,387 : INFO : test_SearchUser_Param_005 : 'test_SearchUser_Param_005' is started
2025-03-26 18:32:28,387 : INFO : test_SearchUser_Param_005 : 'test_SearchUser_Param_005' is started
2025-03-26 18:32:28,387 : INFO : test_SearchUser_Param_005 : 'test_SearchUser_Param_005' is started
2025-03-26 18:32:28,387 : INFO : test_SearchUser_Param_005 : 'test_SearchUser_Param_005' is started
2025-03-26 18:32:28,387 : INFO : test_SearchUser_Param_005 : Opening browser
2025-03-26 18:32:28,387 : INFO : test_SearchUser_Param_005 : Opening browser
2025-03-26 18:32:28,387 : INFO : test_SearchUser_Param_005 : Opening browser
2025-03-26 18:32:28,387 : INFO : test_SearchUser_Param_005 : Opening browser
2025-03-26 18:32:28,387 : INFO : test_SearchUser_Param_005 : Maximizing window
2025-03-26 18:32:28,387 : INFO : test_SearchUser_Param_005 : Maximizing window
2025-03-26 18:32:28,387 : INFO : test_SearchUser_Param_005 : Maximizing window
2025-03-26 18:32:28,387 : INFO : test_SearchUser_Param_005 : Maximizing window
2025-03-26 18:32:28,387 : INFO : test_SearchUser_Param_005 : Launching URL
2025-03-26 18:32:28,387 : INFO : test_SearchUser_Param_005 : Launching URL
2025-03-26 18:32:28,387 : INFO : test_SearchUser_Param_005 : Launching URL
2025-03-26 18:32:28,387 : INFO : test_SearchUser_Param_005 : Launching URL
2025-03-26 18:32:29,223 : INFO : test_SearchUser_Param_005 : Click on login link
2025-03-26 18:32:29,223 : INFO : test_SearchUser_Param_005 : Click on login link
2025-03-26 18:32:29,223 : INFO : test_SearchUser_Param_005 : Click on login link
2025-03-26 18:32:29,223 : INFO : test_SearchUser_Param_005 : Click on login link
2025-03-26 18:32:29,301 : INFO : test_SearchUser_Param_005 : Enter Username: YashTech
2025-03-26 18:32:29,301 : INFO : test_SearchUser_Param_005 : Enter Username: YashTech
2025-03-26 18:32:29,301 : INFO : test_SearchUser_Param_005 : Enter Username: YashTech
2025-03-26 18:32:29,301 : INFO : test_SearchUser_Param_005 : Enter Username: YashTech
2025-03-26 18:32:29,359 : INFO : test_SearchUser_Param_005 : Enter Password: YashTech@101
2025-03-26 18:32:29,359 : INFO : test_SearchUser_Param_005 : Enter Password: YashTech@101
2025-03-26 18:32:29,359 : INFO : test_SearchUser_Param_005 : Enter Password: YashTech@101
2025-03-26 18:32:29,359 : INFO : test_SearchUser_Param_005 : Enter Password: YashTech@101
2025-03-26 18:32:29,406 : INFO : test_SearchUser_Param_005 : Click on login button
2025-03-26 18:32:29,406 : INFO : test_SearchUser_Param_005 : Click on login button
2025-03-26 18:32:29,406 : INFO : test_SearchUser_Param_005 : Click on login button
2025-03-26 18:32:29,406 : INFO : test_SearchUser_Param_005 : Click on login button
2025-03-26 18:32:29,406 : INFO : test_SearchUser_Param_005 : Validating User landed on correct page or not
2025-03-26 18:32:29,406 : INFO : test_SearchUser_Param_005 : Validating User landed on correct page or not
2025-03-26 18:32:29,406 : INFO : test_SearchUser_Param_005 : Validating User landed on correct page or not
2025-03-26 18:32:29,406 : INFO : test_SearchUser_Param_005 : Validating User landed on correct page or not
2025-03-26 18:32:30,696 : INFO : test_SearchUser_Param_005 : User landed on correct page
2025-03-26 18:32:30,696 : INFO : test_SearchUser_Param_005 : User landed on correct page
2025-03-26 18:32:30,696 : INFO : test_SearchUser_Param_005 : User landed on correct page
2025-03-26 18:32:30,696 : INFO : test_SearchUser_Param_005 : User landed on correct page
2025-03-26 18:32:31,198 : INFO : test_SearchUser_Param_005 : Click on User Management link
2025-03-26 18:32:31,198 : INFO : test_SearchUser_Param_005 : Click on User Management link
2025-03-26 18:32:31,198 : INFO : test_SearchUser_Param_005 : Click on User Management link
2025-03-26 18:32:31,198 : INFO : test_SearchUser_Param_005 : Click on User Management link
2025-03-26 18:32:31,259 : INFO : test_SearchUser_Param_005 : Enter Username: Tushar
2025-03-26 18:32:31,259 : INFO : test_SearchUser_Param_005 : Enter Username: Tushar
2025-03-26 18:32:31,259 : INFO : test_SearchUser_Param_005 : Enter Username: Tushar
2025-03-26 18:32:31,259 : INFO : test_SearchUser_Param_005 : Enter Username: Tushar
2025-03-26 18:32:31,302 : INFO : test_SearchUser_Param_005 : Click on Search User button
2025-03-26 18:32:31,302 : INFO : test_SearchUser_Param_005 : Click on Search User button
2025-03-26 18:32:31,302 : INFO : test_SearchUser_Param_005 : Click on Search User button
2025-03-26 18:32:31,302 : INFO : test_SearchUser_Param_005 : Click on Search User button
2025-03-26 18:32:31,302 : INFO : test_SearchUser_Param_005 : Validate user found or not
2025-03-26 18:32:31,302 : INFO : test_SearchUser_Param_005 : Validate user found or not
2025-03-26 18:32:31,302 : INFO : test_SearchUser_Param_005 : Validate user found or not
2025-03-26 18:32:31,302 : INFO : test_SearchUser_Param_005 : Validate user found or not
2025-03-26 18:32:31,841 : INFO : test_SearchUser_Param_005 : user found
2025-03-26 18:32:31,841 : INFO : test_SearchUser_Param_005 : user found
2025-03-26 18:32:31,841 : INFO : test_SearchUser_Param_005 : user found
2025-03-26 18:32:31,841 : INFO : test_SearchUser_Param_005 : user found
2025-03-26 18:32:31,841 : INFO : test_SearchUser_Param_005 : Capturing Screenshot
2025-03-26 18:32:31,841 : INFO : test_SearchUser_Param_005 : Capturing Screenshot
2025-03-26 18:32:31,841 : INFO : test_SearchUser_Param_005 : Capturing Screenshot
2025-03-26 18:32:31,841 : INFO : test_SearchUser_Param_005 : Capturing Screenshot
2025-03-26 18:32:32,171 : INFO : test_SearchUser_Param_005 : 'test_SearchUser_Param_005' is passed
2025-03-26 18:32:32,171 : INFO : test_SearchUser_Param_005 : 'test_SearchUser_Param_005' is passed
2025-03-26 18:32:32,171 : INFO : test_SearchUser_Param_005 : 'test_SearchUser_Param_005' is passed
2025-03-26 18:32:32,171 : INFO : test_SearchUser_Param_005 : 'test_SearchUser_Param_005' is passed
2025-03-26 18:32:32,171 : INFO : test_SearchUser_Param_005 : 'test_SearchUser_Param_005' is completed

2025-03-26 18:32:32,171 : INFO : test_SearchUser_Param_005 : 'test_SearchUser_Param_005' is completed

2025-03-26 18:32:32,171 : INFO : test_SearchUser_Param_005 : 'test_SearchUser_Param_005' is completed

2025-03-26 18:32:32,171 : INFO : test_SearchUser_Param_005 : 'test_SearchUser_Param_005' is completed

2025-03-26 18:32:38,624 : INFO : test_SearchUser_Param_005 : 'test_SearchUser_Param_005' is started
2025-03-26 18:32:38,624 : INFO : test_SearchUser_Param_005 : 'test_SearchUser_Param_005' is started
2025-03-26 18:32:38,624 : INFO : test_SearchUser_Param_005 : 'test_SearchUser_Param_005' is started
2025-03-26 18:32:38,624 : INFO : test_SearchUser_Param_005 : 'test_SearchUser_Param_005' is started
2025-03-26 18:32:38,625 : INFO : test_SearchUser_Param_005 : Opening browser
2025-03-26 18:32:38,625 : INFO : test_SearchUser_Param_005 : Opening browser
2025-03-26 18:32:38,625 : INFO : test_SearchUser_Param_005 : Opening browser
2025-03-26 18:32:38,625 : INFO : test_SearchUser_Param_005 : Opening browser
2025-03-26 18:32:38,625 : INFO : test_SearchUser_Param_005 : Maximizing window
2025-03-26 18:32:38,625 : INFO : test_SearchUser_Param_005 : Maximizing window
2025-03-26 18:32:38,625 : INFO : test_SearchUser_Param_005 : Maximizing window
2025-03-26 18:32:38,625 : INFO : test_SearchUser_Param_005 : Maximizing window
2025-03-26 18:32:38,626 : INFO : test_SearchUser_Param_005 : Launching URL
2025-03-26 18:32:38,626 : INFO : test_SearchUser_Param_005 : Launching URL
2025-03-26 18:32:38,626 : INFO : test_SearchUser_Param_005 : Launching URL
2025-03-26 18:32:38,626 : INFO : test_SearchUser_Param_005 : Launching URL
2025-03-26 18:32:39,464 : INFO : test_SearchUser_Param_005 : Click on login link
2025-03-26 18:32:39,464 : INFO : test_SearchUser_Param_005 : Click on login link
2025-03-26 18:32:39,464 : INFO : test_SearchUser_Param_005 : Click on login link
2025-03-26 18:32:39,464 : INFO : test_SearchUser_Param_005 : Click on login link
2025-03-26 18:32:39,557 : INFO : test_SearchUser_Param_005 : Enter Username: YashTech
2025-03-26 18:32:39,557 : INFO : test_SearchUser_Param_005 : Enter Username: YashTech
2025-03-26 18:32:39,557 : INFO : test_SearchUser_Param_005 : Enter Username: YashTech
2025-03-26 18:32:39,557 : INFO : test_SearchUser_Param_005 : Enter Username: YashTech
2025-03-26 18:32:39,616 : INFO : test_SearchUser_Param_005 : Enter Password: YashTech@101
2025-03-26 18:32:39,616 : INFO : test_SearchUser_Param_005 : Enter Password: YashTech@101
2025-03-26 18:32:39,616 : INFO : test_SearchUser_Param_005 : Enter Password: YashTech@101
2025-03-26 18:32:39,616 : INFO : test_SearchUser_Param_005 : Enter Password: YashTech@101
2025-03-26 18:32:40,914 : INFO : test_SearchUser_Param_005 : Click on login button
2025-03-26 18:32:40,914 : INFO : test_SearchUser_Param_005 : Click on login button
2025-03-26 18:32:40,914 : INFO : test_SearchUser_Param_005 : Click on login button
2025-03-26 18:32:40,914 : INFO : test_SearchUser_Param_005 : Click on login button
2025-03-26 18:32:40,914 : INFO : test_SearchUser_Param_005 : Validating User landed on correct page or not
2025-03-26 18:32:40,914 : INFO : test_SearchUser_Param_005 : Validating User landed on correct page or not
2025-03-26 18:32:40,914 : INFO : test_SearchUser_Param_005 : Validating User landed on correct page or not
2025-03-26 18:32:40,914 : INFO : test_SearchUser_Param_005 : Validating User landed on correct page or not
2025-03-26 18:32:40,949 : INFO : test_SearchUser_Param_005 : User landed on correct page
2025-03-26 18:32:40,949 : INFO : test_SearchUser_Param_005 : User landed on correct page
2025-03-26 18:32:40,949 : INFO : test_SearchUser_Param_005 : User landed on correct page
2025-03-26 18:32:40,949 : INFO : test_SearchUser_Param_005 : User landed on correct page
2025-03-26 18:32:41,445 : INFO : test_SearchUser_Param_005 : Click on User Management link
2025-03-26 18:32:41,445 : INFO : test_SearchUser_Param_005 : Click on User Management link
2025-03-26 18:32:41,445 : INFO : test_SearchUser_Param_005 : Click on User Management link
2025-03-26 18:32:41,445 : INFO : test_SearchUser_Param_005 : Click on User Management link
2025-03-26 18:32:41,502 : INFO : test_SearchUser_Param_005 : Enter Username: YashPote
2025-03-26 18:32:41,502 : INFO : test_SearchUser_Param_005 : Enter Username: YashPote
2025-03-26 18:32:41,502 : INFO : test_SearchUser_Param_005 : Enter Username: YashPote
2025-03-26 18:32:41,502 : INFO : test_SearchUser_Param_005 : Enter Username: YashPote
2025-03-26 18:32:41,551 : INFO : test_SearchUser_Param_005 : Click on Search User button
2025-03-26 18:32:41,551 : INFO : test_SearchUser_Param_005 : Click on Search User button
2025-03-26 18:32:41,551 : INFO : test_SearchUser_Param_005 : Click on Search User button
2025-03-26 18:32:41,551 : INFO : test_SearchUser_Param_005 : Click on Search User button
2025-03-26 18:32:41,551 : INFO : test_SearchUser_Param_005 : Validate user found or not
2025-03-26 18:32:41,551 : INFO : test_SearchUser_Param_005 : Validate user found or not
2025-03-26 18:32:41,551 : INFO : test_SearchUser_Param_005 : Validate user found or not
2025-03-26 18:32:41,551 : INFO : test_SearchUser_Param_005 : Validate user found or not
2025-03-26 18:33:01,711 : INFO : test_SearchUser_Param_005 : user found
2025-03-26 18:33:01,711 : INFO : test_SearchUser_Param_005 : user found
2025-03-26 18:33:01,711 : INFO : test_SearchUser_Param_005 : user found
2025-03-26 18:33:01,711 : INFO : test_SearchUser_Param_005 : user found
2025-03-26 18:33:01,711 : INFO : test_SearchUser_Param_005 : Capturing Screenshot
2025-03-26 18:33:01,711 : INFO : test_SearchUser_Param_005 : Capturing Screenshot
2025-03-26 18:33:01,711 : INFO : test_SearchUser_Param_005 : Capturing Screenshot
2025-03-26 18:33:01,711 : INFO : test_SearchUser_Param_005 : Capturing Screenshot
2025-03-26 18:33:02,106 : INFO : test_SearchUser_Param_005 : 'test_SearchUser_Param_005' is passed
2025-03-26 18:33:02,106 : INFO : test_SearchUser_Param_005 : 'test_SearchUser_Param_005' is passed
2025-03-26 18:33:02,106 : INFO : test_SearchUser_Param_005 : 'test_SearchUser_Param_005' is passed
2025-03-26 18:33:02,106 : INFO : test_SearchUser_Param_005 : 'test_SearchUser_Param_005' is passed
2025-03-26 18:33:02,106 : INFO : test_SearchUser_Param_005 : 'test_SearchUser_Param_005' is completed

2025-03-26 18:33:02,106 : INFO : test_SearchUser_Param_005 : 'test_SearchUser_Param_005' is completed

2025-03-26 18:33:02,106 : INFO : test_SearchUser_Param_005 : 'test_SearchUser_Param_005' is completed

2025-03-26 18:33:02,106 : INFO : test_SearchUser_Param_005 : 'test_SearchUser_Param_005' is completed

2025-03-26 18:33:08,707 : INFO : test_SearchUser_Param_005 : 'test_SearchUser_Param_005' is started
2025-03-26 18:33:08,707 : INFO : test_SearchUser_Param_005 : 'test_SearchUser_Param_005' is started
2025-03-26 18:33:08,707 : INFO : test_SearchUser_Param_005 : 'test_SearchUser_Param_005' is started
2025-03-26 18:33:08,707 : INFO : test_SearchUser_Param_005 : 'test_SearchUser_Param_005' is started
2025-03-26 18:33:08,707 : INFO : test_SearchUser_Param_005 : Opening browser
2025-03-26 18:33:08,707 : INFO : test_SearchUser_Param_005 : Opening browser
2025-03-26 18:33:08,707 : INFO : test_SearchUser_Param_005 : Opening browser
2025-03-26 18:33:08,707 : INFO : test_SearchUser_Param_005 : Opening browser
2025-03-26 18:33:08,707 : INFO : test_SearchUser_Param_005 : Maximizing window
2025-03-26 18:33:08,707 : INFO : test_SearchUser_Param_005 : Maximizing window
2025-03-26 18:33:08,707 : INFO : test_SearchUser_Param_005 : Maximizing window
2025-03-26 18:33:08,707 : INFO : test_SearchUser_Param_005 : Maximizing window
2025-03-26 18:33:08,708 : INFO : test_SearchUser_Param_005 : Launching URL
2025-03-26 18:33:08,708 : INFO : test_SearchUser_Param_005 : Launching URL
2025-03-26 18:33:08,708 : INFO : test_SearchUser_Param_005 : Launching URL
2025-03-26 18:33:08,708 : INFO : test_SearchUser_Param_005 : Launching URL
2025-03-26 18:33:09,530 : INFO : test_SearchUser_Param_005 : Click on login link
2025-03-26 18:33:09,530 : INFO : test_SearchUser_Param_005 : Click on login link
2025-03-26 18:33:09,530 : INFO : test_SearchUser_Param_005 : Click on login link
2025-03-26 18:33:09,530 : INFO : test_SearchUser_Param_005 : Click on login link
2025-03-26 18:33:09,614 : INFO : test_SearchUser_Param_005 : Enter Username: YashTech
2025-03-26 18:33:09,614 : INFO : test_SearchUser_Param_005 : Enter Username: YashTech
2025-03-26 18:33:09,614 : INFO : test_SearchUser_Param_005 : Enter Username: YashTech
2025-03-26 18:33:09,614 : INFO : test_SearchUser_Param_005 : Enter Username: YashTech
2025-03-26 18:33:09,673 : INFO : test_SearchUser_Param_005 : Enter Password: YashTech@101
2025-03-26 18:33:09,673 : INFO : test_SearchUser_Param_005 : Enter Password: YashTech@101
2025-03-26 18:33:09,673 : INFO : test_SearchUser_Param_005 : Enter Password: YashTech@101
2025-03-26 18:33:09,673 : INFO : test_SearchUser_Param_005 : Enter Password: YashTech@101
2025-03-26 18:33:10,993 : INFO : test_SearchUser_Param_005 : Click on login button
2025-03-26 18:33:10,993 : INFO : test_SearchUser_Param_005 : Click on login button
2025-03-26 18:33:10,993 : INFO : test_SearchUser_Param_005 : Click on login button
2025-03-26 18:33:10,993 : INFO : test_SearchUser_Param_005 : Click on login button
2025-03-26 18:33:10,993 : INFO : test_SearchUser_Param_005 : Validating User landed on correct page or not
2025-03-26 18:33:10,993 : INFO : test_SearchUser_Param_005 : Validating User landed on correct page or not
2025-03-26 18:33:10,993 : INFO : test_SearchUser_Param_005 : Validating User landed on correct page or not
2025-03-26 18:33:10,993 : INFO : test_SearchUser_Param_005 : Validating User landed on correct page or not
2025-03-26 18:33:11,048 : INFO : test_SearchUser_Param_005 : User landed on correct page
2025-03-26 18:33:11,048 : INFO : test_SearchUser_Param_005 : User landed on correct page
2025-03-26 18:33:11,048 : INFO : test_SearchUser_Param_005 : User landed on correct page
2025-03-26 18:33:11,048 : INFO : test_SearchUser_Param_005 : User landed on correct page
2025-03-26 18:33:11,989 : INFO : test_SearchUser_Param_005 : Click on User Management link
2025-03-26 18:33:11,989 : INFO : test_SearchUser_Param_005 : Click on User Management link
2025-03-26 18:33:11,989 : INFO : test_SearchUser_Param_005 : Click on User Management link
2025-03-26 18:33:11,989 : INFO : test_SearchUser_Param_005 : Click on User Management link
2025-03-26 18:33:12,048 : INFO : test_SearchUser_Param_005 : Enter Username: TusharK
2025-03-26 18:33:12,048 : INFO : test_SearchUser_Param_005 : Enter Username: TusharK
2025-03-26 18:33:12,048 : INFO : test_SearchUser_Param_005 : Enter Username: TusharK
2025-03-26 18:33:12,048 : INFO : test_SearchUser_Param_005 : Enter Username: TusharK
2025-03-26 18:33:12,097 : INFO : test_SearchUser_Param_005 : Click on Search User button
2025-03-26 18:33:12,097 : INFO : test_SearchUser_Param_005 : Click on Search User button
2025-03-26 18:33:12,097 : INFO : test_SearchUser_Param_005 : Click on Search User button
2025-03-26 18:33:12,097 : INFO : test_SearchUser_Param_005 : Click on Search User button
2025-03-26 18:33:12,097 : INFO : test_SearchUser_Param_005 : Validate user found or not
2025-03-26 18:33:12,097 : INFO : test_SearchUser_Param_005 : Validate user found or not
2025-03-26 18:33:12,097 : INFO : test_SearchUser_Param_005 : Validate user found or not
2025-03-26 18:33:12,097 : INFO : test_SearchUser_Param_005 : Validate user found or not
2025-03-26 18:33:32,298 : INFO : test_SearchUser_Param_005 : user found
2025-03-26 18:33:32,298 : INFO : test_SearchUser_Param_005 : user found
2025-03-26 18:33:32,298 : INFO : test_SearchUser_Param_005 : user found
2025-03-26 18:33:32,298 : INFO : test_SearchUser_Param_005 : user found
2025-03-26 18:33:32,298 : INFO : test_SearchUser_Param_005 : Capturing Screenshot
2025-03-26 18:33:32,298 : INFO : test_SearchUser_Param_005 : Capturing Screenshot
2025-03-26 18:33:32,298 : INFO : test_SearchUser_Param_005 : Capturing Screenshot
2025-03-26 18:33:32,298 : INFO : test_SearchUser_Param_005 : Capturing Screenshot
2025-03-26 18:33:32,666 : INFO : test_SearchUser_Param_005 : 'test_SearchUser_Param_005' is passed
2025-03-26 18:33:32,666 : INFO : test_SearchUser_Param_005 : 'test_SearchUser_Param_005' is passed
2025-03-26 18:33:32,666 : INFO : test_SearchUser_Param_005 : 'test_SearchUser_Param_005' is passed
2025-03-26 18:33:32,666 : INFO : test_SearchUser_Param_005 : 'test_SearchUser_Param_005' is passed
2025-03-26 18:33:32,668 : INFO : test_SearchUser_Param_005 : 'test_SearchUser_Param_005' is completed

2025-03-26 18:33:32,668 : INFO : test_SearchUser_Param_005 : 'test_SearchUser_Param_005' is completed

2025-03-26 18:33:32,668 : INFO : test_SearchUser_Param_005 : 'test_SearchUser_Param_005' is completed

2025-03-26 18:33:32,668 : INFO : test_SearchUser_Param_005 : 'test_SearchUser_Param_005' is completed

2025-03-26 18:33:40,105 : INFO : test_Verify_URL_001 : 'test_Verify_URL_001' test case started
2025-03-26 18:33:40,105 : INFO : test_Verify_URL_001 : 'test_Verify_URL_001' test case started
2025-03-26 18:33:40,105 : INFO : test_Verify_URL_001 : 'test_Verify_URL_001' test case started
2025-03-26 18:33:40,105 : INFO : test_Verify_URL_001 : 'test_Verify_URL_001' test case started
2025-03-26 18:33:40,105 : INFO : test_Verify_URL_001 : Opening browser
2025-03-26 18:33:40,105 : INFO : test_Verify_URL_001 : Opening browser
2025-03-26 18:33:40,105 : INFO : test_Verify_URL_001 : Opening browser
2025-03-26 18:33:40,105 : INFO : test_Verify_URL_001 : Opening browser
2025-03-26 18:33:40,105 : INFO : test_Verify_URL_001 : Maximizing window
2025-03-26 18:33:40,105 : INFO : test_Verify_URL_001 : Maximizing window
2025-03-26 18:33:40,105 : INFO : test_Verify_URL_001 : Maximizing window
2025-03-26 18:33:40,105 : INFO : test_Verify_URL_001 : Maximizing window
2025-03-26 18:33:40,105 : INFO : test_Verify_URL_001 : Launching URL
2025-03-26 18:33:40,105 : INFO : test_Verify_URL_001 : Launching URL
2025-03-26 18:33:40,105 : INFO : test_Verify_URL_001 : Launching URL
2025-03-26 18:33:40,105 : INFO : test_Verify_URL_001 : Launching URL
2025-03-26 18:33:40,105 : INFO : test_Verify_URL_001 : Validating URL launch on correct page or not
2025-03-26 18:33:40,105 : INFO : test_Verify_URL_001 : Validating URL launch on correct page or not
2025-03-26 18:33:40,105 : INFO : test_Verify_URL_001 : Validating URL launch on correct page or not
2025-03-26 18:33:40,105 : INFO : test_Verify_URL_001 : Validating URL launch on correct page or not
2025-03-26 18:33:40,117 : INFO : test_Verify_URL_001 : URL launched on correct page
2025-03-26 18:33:40,117 : INFO : test_Verify_URL_001 : URL launched on correct page
2025-03-26 18:33:40,117 : INFO : test_Verify_URL_001 : URL launched on correct page
2025-03-26 18:33:40,117 : INFO : test_Verify_URL_001 : URL launched on correct page
2025-03-26 18:33:40,117 : INFO : test_Verify_URL_001 : Capturing Screenshot
2025-03-26 18:33:40,117 : INFO : test_Verify_URL_001 : Capturing Screenshot
2025-03-26 18:33:40,117 : INFO : test_Verify_URL_001 : Capturing Screenshot
2025-03-26 18:33:40,117 : INFO : test_Verify_URL_001 : Capturing Screenshot
2025-03-26 18:33:40,451 : INFO : test_Verify_URL_001 : 'test_Verify_URL_001' is passed
2025-03-26 18:33:40,451 : INFO : test_Verify_URL_001 : 'test_Verify_URL_001' is passed
2025-03-26 18:33:40,451 : INFO : test_Verify_URL_001 : 'test_Verify_URL_001' is passed
2025-03-26 18:33:40,451 : INFO : test_Verify_URL_001 : 'test_Verify_URL_001' is passed
2025-03-26 18:33:40,451 : INFO : test_Verify_URL_001 : 'test_Verify_URL_001' is completed

2025-03-26 18:33:40,451 : INFO : test_Verify_URL_001 : 'test_Verify_URL_001' is completed

2025-03-26 18:33:40,451 : INFO : test_Verify_URL_001 : 'test_Verify_URL_001' is completed

2025-03-26 18:33:40,451 : INFO : test_Verify_URL_001 : 'test_Verify_URL_001' is completed

2025-03-26 18:33:46,667 : INFO : test_CreateUser_002 : 'test_CreateUser_002' test case is started
2025-03-26 18:33:46,667 : INFO : test_CreateUser_002 : 'test_CreateUser_002' test case is started
2025-03-26 18:33:46,667 : INFO : test_CreateUser_002 : 'test_CreateUser_002' test case is started
2025-03-26 18:33:46,667 : INFO : test_CreateUser_002 : 'test_CreateUser_002' test case is started
2025-03-26 18:33:46,667 : INFO : test_CreateUser_002 : Opening browser
2025-03-26 18:33:46,667 : INFO : test_CreateUser_002 : Opening browser
2025-03-26 18:33:46,667 : INFO : test_CreateUser_002 : Opening browser
2025-03-26 18:33:46,667 : INFO : test_CreateUser_002 : Opening browser
2025-03-26 18:33:46,667 : INFO : test_CreateUser_002 : Launching URL
2025-03-26 18:33:46,667 : INFO : test_CreateUser_002 : Launching URL
2025-03-26 18:33:46,667 : INFO : test_CreateUser_002 : Launching URL
2025-03-26 18:33:46,667 : INFO : test_CreateUser_002 : Launching URL
2025-03-26 18:33:46,667 : INFO : test_CreateUser_002 : Maximizing window
2025-03-26 18:33:46,667 : INFO : test_CreateUser_002 : Maximizing window
2025-03-26 18:33:46,667 : INFO : test_CreateUser_002 : Maximizing window
2025-03-26 18:33:46,667 : INFO : test_CreateUser_002 : Maximizing window
2025-03-26 18:33:47,578 : INFO : test_CreateUser_002 : Click on Sign Up link
2025-03-26 18:33:47,578 : INFO : test_CreateUser_002 : Click on Sign Up link
2025-03-26 18:33:47,578 : INFO : test_CreateUser_002 : Click on Sign Up link
2025-03-26 18:33:47,578 : INFO : test_CreateUser_002 : Click on Sign Up link
2025-03-26 18:33:47,681 : INFO : test_CreateUser_002 : Entering Username: Useruzlb
2025-03-26 18:33:47,681 : INFO : test_CreateUser_002 : Entering Username: Useruzlb
2025-03-26 18:33:47,681 : INFO : test_CreateUser_002 : Entering Username: Useruzlb
2025-03-26 18:33:47,681 : INFO : test_CreateUser_002 : Entering Username: Useruzlb
2025-03-26 18:33:47,732 : INFO : test_CreateUser_002 : Entering Password: User@101
2025-03-26 18:33:47,732 : INFO : test_CreateUser_002 : Entering Password: User@101
2025-03-26 18:33:47,732 : INFO : test_CreateUser_002 : Entering Password: User@101
2025-03-26 18:33:47,732 : INFO : test_CreateUser_002 : Entering Password: User@101
2025-03-26 18:33:47,791 : INFO : test_CreateUser_002 : Entering Email: Useruzlb@credence.in
2025-03-26 18:33:47,791 : INFO : test_CreateUser_002 : Entering Email: Useruzlb@credence.in
2025-03-26 18:33:47,791 : INFO : test_CreateUser_002 : Entering Email: Useruzlb@credence.in
2025-03-26 18:33:47,791 : INFO : test_CreateUser_002 : Entering Email: Useruzlb@credence.in
2025-03-26 18:33:47,836 : INFO : test_CreateUser_002 : Entering Phone Number: 7420244103
2025-03-26 18:33:47,836 : INFO : test_CreateUser_002 : Entering Phone Number: 7420244103
2025-03-26 18:33:47,836 : INFO : test_CreateUser_002 : Entering Phone Number: 7420244103
2025-03-26 18:33:47,836 : INFO : test_CreateUser_002 : Entering Phone Number: 7420244103
2025-03-26 18:33:48,344 : INFO : test_CreateUser_002 : Click on create user button
2025-03-26 18:33:48,344 : INFO : test_CreateUser_002 : Click on create user button
2025-03-26 18:33:48,344 : INFO : test_CreateUser_002 : Click on create user button
2025-03-26 18:33:48,344 : INFO : test_CreateUser_002 : Click on create user button
2025-03-26 18:33:48,344 : INFO : test_CreateUser_002 : Validating User Created or not
2025-03-26 18:33:48,344 : INFO : test_CreateUser_002 : Validating User Created or not
2025-03-26 18:33:48,344 : INFO : test_CreateUser_002 : Validating User Created or not
2025-03-26 18:33:48,344 : INFO : test_CreateUser_002 : Validating User Created or not
2025-03-26 18:33:48,392 : INFO : test_CreateUser_002 : User created
2025-03-26 18:33:48,392 : INFO : test_CreateUser_002 : User created
2025-03-26 18:33:48,392 : INFO : test_CreateUser_002 : User created
2025-03-26 18:33:48,392 : INFO : test_CreateUser_002 : User created
2025-03-26 18:33:48,393 : INFO : test_CreateUser_002 : Capturing Screenshot
2025-03-26 18:33:48,393 : INFO : test_CreateUser_002 : Capturing Screenshot
2025-03-26 18:33:48,393 : INFO : test_CreateUser_002 : Capturing Screenshot
2025-03-26 18:33:48,393 : INFO : test_CreateUser_002 : Capturing Screenshot
2025-03-26 18:33:48,703 : INFO : test_CreateUser_002 : 'test_CreateUser_002' is passed
2025-03-26 18:33:48,703 : INFO : test_CreateUser_002 : 'test_CreateUser_002' is passed
2025-03-26 18:33:48,703 : INFO : test_CreateUser_002 : 'test_CreateUser_002' is passed
2025-03-26 18:33:48,703 : INFO : test_CreateUser_002 : 'test_CreateUser_002' is passed
2025-03-26 18:33:48,703 : INFO : test_CreateUser_002 : 'test_CreateUser_002' is completed

2025-03-26 18:33:48,703 : INFO : test_CreateUser_002 : 'test_CreateUser_002' is completed

2025-03-26 18:33:48,703 : INFO : test_CreateUser_002 : 'test_CreateUser_002' is completed

2025-03-26 18:33:48,703 : INFO : test_CreateUser_002 : 'test_CreateUser_002' is completed

2025-03-26 18:33:55,995 : INFO : test_UserLogin_003 : 'test_UserLogin_003' test case started
2025-03-26 18:33:55,995 : INFO : test_UserLogin_003 : 'test_UserLogin_003' test case started
2025-03-26 18:33:55,995 : INFO : test_UserLogin_003 : 'test_UserLogin_003' test case started
2025-03-26 18:33:55,995 : INFO : test_UserLogin_003 : 'test_UserLogin_003' test case started
2025-03-26 18:33:55,995 : INFO : test_UserLogin_003 : Opening browser
2025-03-26 18:33:55,995 : INFO : test_UserLogin_003 : Opening browser
2025-03-26 18:33:55,995 : INFO : test_UserLogin_003 : Opening browser
2025-03-26 18:33:55,995 : INFO : test_UserLogin_003 : Opening browser
2025-03-26 18:33:55,995 : INFO : test_UserLogin_003 : Maximizing window
2025-03-26 18:33:55,995 : INFO : test_UserLogin_003 : Maximizing window
2025-03-26 18:33:55,995 : INFO : test_UserLogin_003 : Maximizing window
2025-03-26 18:33:55,995 : INFO : test_UserLogin_003 : Maximizing window
2025-03-26 18:33:55,998 : INFO : test_UserLogin_003 : Launching URL
2025-03-26 18:33:55,998 : INFO : test_UserLogin_003 : Launching URL
2025-03-26 18:33:55,998 : INFO : test_UserLogin_003 : Launching URL
2025-03-26 18:33:55,998 : INFO : test_UserLogin_003 : Launching URL
2025-03-26 18:33:56,838 : INFO : test_UserLogin_003 : Click on login link
2025-03-26 18:33:56,838 : INFO : test_UserLogin_003 : Click on login link
2025-03-26 18:33:56,838 : INFO : test_UserLogin_003 : Click on login link
2025-03-26 18:33:56,838 : INFO : test_UserLogin_003 : Click on login link
2025-03-26 18:33:56,926 : INFO : test_UserLogin_003 : Enter Username:- YashTech
2025-03-26 18:33:56,926 : INFO : test_UserLogin_003 : Enter Username:- YashTech
2025-03-26 18:33:56,926 : INFO : test_UserLogin_003 : Enter Username:- YashTech
2025-03-26 18:33:56,926 : INFO : test_UserLogin_003 : Enter Username:- YashTech
2025-03-26 18:33:56,988 : INFO : test_UserLogin_003 : Enter Password: YashTech@101
2025-03-26 18:33:56,988 : INFO : test_UserLogin_003 : Enter Password: YashTech@101
2025-03-26 18:33:56,988 : INFO : test_UserLogin_003 : Enter Password: YashTech@101
2025-03-26 18:33:56,988 : INFO : test_UserLogin_003 : Enter Password: YashTech@101
2025-03-26 18:33:58,707 : INFO : test_UserLogin_003 : Click on login button
2025-03-26 18:33:58,707 : INFO : test_UserLogin_003 : Click on login button
2025-03-26 18:33:58,707 : INFO : test_UserLogin_003 : Click on login button
2025-03-26 18:33:58,707 : INFO : test_UserLogin_003 : Click on login button
2025-03-26 18:33:58,707 : INFO : test_UserLogin_003 : Validating User login
2025-03-26 18:33:58,707 : INFO : test_UserLogin_003 : Validating User login
2025-03-26 18:33:58,707 : INFO : test_UserLogin_003 : Validating User login
2025-03-26 18:33:58,707 : INFO : test_UserLogin_003 : Validating User login
2025-03-26 18:33:58,741 : INFO : test_UserLogin_003 : User logged in
2025-03-26 18:33:58,741 : INFO : test_UserLogin_003 : User logged in
2025-03-26 18:33:58,741 : INFO : test_UserLogin_003 : User logged in
2025-03-26 18:33:58,741 : INFO : test_UserLogin_003 : User logged in
2025-03-26 18:33:58,741 : INFO : test_UserLogin_003 : Capturing Screenshot
2025-03-26 18:33:58,741 : INFO : test_UserLogin_003 : Capturing Screenshot
2025-03-26 18:33:58,741 : INFO : test_UserLogin_003 : Capturing Screenshot
2025-03-26 18:33:58,741 : INFO : test_UserLogin_003 : Capturing Screenshot
2025-03-26 18:33:59,088 : INFO : test_UserLogin_003 : 'test_UserLogin_003' is passed
2025-03-26 18:33:59,088 : INFO : test_UserLogin_003 : 'test_UserLogin_003' is passed
2025-03-26 18:33:59,088 : INFO : test_UserLogin_003 : 'test_UserLogin_003' is passed
2025-03-26 18:33:59,088 : INFO : test_UserLogin_003 : 'test_UserLogin_003' is passed
2025-03-26 18:33:59,088 : INFO : test_UserLogin_003 : 'test_UserLogin_003' is completed

2025-03-26 18:33:59,088 : INFO : test_UserLogin_003 : 'test_UserLogin_003' is completed

2025-03-26 18:33:59,088 : INFO : test_UserLogin_003 : 'test_UserLogin_003' is completed

2025-03-26 18:33:59,088 : INFO : test_UserLogin_003 : 'test_UserLogin_003' is completed

